<?xml version="1.0" encoding="UTF-8"?>
<testsuite xmlns:xsi="http://www.w3.org/2001/XMLSchema-instance" xsi:noNamespaceSchemaLocation="https://maven.apache.org/surefire/maven-failsafe-plugin/xsd/failsafe-test-report-3.0.xsd" version="3.0" name="starter.CucumberTestSuite" time="9.803" tests="1" errors="0" skipped="0" failures="0">
  <properties>
[...]
</properties>
  <testcase name="GET - As admin I have be able to get detail name" classname="User" time="5.729">
    <system-out><![CDATA[15:59:43.386 [main] INFO io.cucumber.core.plugin.SerenityReporter - Running feature from file:///D:/PERKULIAHAN/SEMESTER%206/KAMPUS%20MERDEKA/New%20folder/26_Testing%20in%20CICD%20Pipeline/Praktikum/TugasRESTAPI/src/test/resources/api/User.feature
15:59:43.391 [main] WARN io.cucumber.core.plugin.SerenityReporter - Feature from file:///D:/PERKULIAHAN/SEMESTER%206/KAMPUS%20MERDEKA/New%20folder/26_Testing%20in%20CICD%20Pipeline/Praktikum/TugasRESTAPI/src/test/resources/api/User.feature is not under the 'features' directory. Requirements report will not be correctly generated!
15:59:43.617 [main] INFO  - 

-------------------------------------------------------------------------------------
     _______. _______ .______       _______ .__   __.  __  .___________.____    ____ 
    /       ||   ____||   _  \     |   ____||  \ |  | |  | |           |\   \  /   / 
   |   (----`|  |__   |  |_)  |    |  |__   |   \|  | |  | `---|  |----` \   \/   /  
    \   \    |   __|  |      /     |   __|  |  . `  | |  |     |  |       \_    _/   
.----)   |   |  |____ |  |\  \----.|  |____ |  |\   | |  |     |  |         |  |     
|_______/    |_______|| _| `._____||_______||__| \__| |__|     |__|         |__|    
                                                                                     
 News and tutorials at http://www.serenity-bdd.info                                  
 Documentation at https://wakaleo.gitbooks.io/the-serenity-book/content/             
 Join the Serenity Community on Gitter: https://gitter.im/serenity-bdd/serenity-core 
 Serenity BDD Support and Training at http://serenity-bdd.info/#/trainingandsupport  
-------------------------------------------------------------------------------------

15:59:43.620 [main] DEBUG net.thucydides.core.steps.StepEventBus - Test suite started for story net.thucydides.core.model.Story@f291479f
15:59:43.626 [main] INFO  - Test Suite Started: User
15:59:43.646 [main] INFO io.cucumber.core.plugin.SerenityReporter - Running feature from file:///D:/PERKULIAHAN/SEMESTER%206/KAMPUS%20MERDEKA/New%20folder/26_Testing%20in%20CICD%20Pipeline/Praktikum/TugasRESTAPI/src/test/resources/api/User.feature
15:59:43.646 [main] WARN io.cucumber.core.plugin.SerenityReporter - Feature from file:///D:/PERKULIAHAN/SEMESTER%206/KAMPUS%20MERDEKA/New%20folder/26_Testing%20in%20CICD%20Pipeline/Praktikum/TugasRESTAPI/src/test/resources/api/User.feature is not under the 'features' directory. Requirements report will not be correctly generated!
15:59:43.649 [main] DEBUG net.thucydides.core.steps.StepEventBus - Test suite started for story net.thucydides.core.model.Story@f291479f
15:59:43.650 [main] INFO  - Test Suite Started: User

Scenario: GET - As admin I have be able to get detail name &amp#27;[90m# src/test/resources/api/User.feature:6&amp#27;[0m
15:59:43.801 [main] INFO io.cucumber.core.plugin.SerenityReporter - Running feature from file:///D:/PERKULIAHAN/SEMESTER%206/KAMPUS%20MERDEKA/New%20folder/26_Testing%20in%20CICD%20Pipeline/Praktikum/TugasRESTAPI/src/test/resources/api/User.feature
15:59:43.802 [main] WARN io.cucumber.core.plugin.SerenityReporter - Feature from file:///D:/PERKULIAHAN/SEMESTER%206/KAMPUS%20MERDEKA/New%20folder/26_Testing%20in%20CICD%20Pipeline/Praktikum/TugasRESTAPI/src/test/resources/api/User.feature is not under the 'features' directory. Requirements report will not be correctly generated!
15:59:43.932 [main] INFO  - 
  _____   ___   ___   _____     ___   _____     _     ___   _____   ___   ___  
 |_   _| | __| / __| |_   _|   / __| |_   _|   /_\   | _ \ |_   _| | __| |   \ 
   | |   | _|  \__ \   | |     \__ \   | |    / _ \  |   /   | |   | _|  | |) |
   |_|   |___| |___/   |_|     |___/   |_|   /_/ \_\ |_|_\   |_|   |___| |___/ 

GET - As admin I have be able to get detail name(user;get---as-admin-i-have-be-able-to-get-detail-name)
--------------------------------------------------------------------------------
15:59:44.452 [main] DEBUG net.thucydides.core.steps.StepInterceptor - STARTING STEP: UserSteps.setGetApiEndpoints - I set GET api endpoints
15:59:44.457 [main] DEBUG net.thucydides.core.steps.StepInterceptor - STEP DONE: I set GET api endpoints
  &amp#27;[32mGiven &amp#27;[0m&amp#27;[32mI set GET api endpoints&amp#27;[0m                            &amp#27;[90m# starter.stepdefinitions.UserSteps.setGetApiEndpoints()&amp#27;[0m
15:59:44.469 [main] DEBUG net.thucydides.core.steps.StepInterceptor - STARTING STEP: UserSteps.sendGetHttpRequest - I send GET HTTP request
15:59:46.480 [main] DEBUG net.thucydides.core.steps.StepInterceptor - STARTING STEP: Get.setGetHttpRequest - I set GET api endpoints
15:59:46.480 [main] DEBUG net.thucydides.core.steps.StepInterceptor - STEP DONE: I set GET api endpoints
15:59:47.864 [main] DEBUG org.apache.http.impl.conn.BasicClientConnectionManager - Get connection for route {s}->https://reqres.in:443
15:59:47.957 [main] DEBUG org.apache.http.impl.conn.DefaultClientConnectionOperator - Connecting to reqres.in:443
15:59:48.334 [main] DEBUG org.apache.http.client.protocol.RequestAddCookies - CookieSpec selected: ignoreCookies
15:59:48.336 [main] DEBUG org.apache.http.client.protocol.RequestAuthCache - Auth cache not set in the context
15:59:48.336 [main] DEBUG org.apache.http.client.protocol.RequestTargetAuthentication - Target auth state: UNCHALLENGED
15:59:48.337 [main] DEBUG org.apache.http.client.protocol.RequestProxyAuthentication - Proxy auth state: UNCHALLENGED
15:59:48.337 [main] DEBUG org.apache.http.impl.client.DefaultHttpClient - Attempt 1 to execute request
15:59:48.338 [main] DEBUG org.apache.http.impl.conn.DefaultClientConnection - Sending request: GET /api/unknown/2 HTTP/1.1
15:59:48.338 [main] DEBUG org.apache.http.wire -  >> "GET /api/unknown/2 HTTP/1.1[\r][\n]"
15:59:48.339 [main] DEBUG org.apache.http.wire -  >> "Accept: */*[\r][\n]"
15:59:48.339 [main] DEBUG org.apache.http.wire -  >> "Host: reqres.in[\r][\n]"
15:59:48.339 [main] DEBUG org.apache.http.wire -  >> "Connection: Keep-Alive[\r][\n]"
15:59:48.339 [main] DEBUG org.apache.http.wire -  >> "User-Agent: Apache-HttpClient/4.5.13 (Java/1.8.0_241)[\r][\n]"
15:59:48.339 [main] DEBUG org.apache.http.wire -  >> "Accept-Encoding: gzip,deflate[\r][\n]"
15:59:48.340 [main] DEBUG org.apache.http.wire -  >> "[\r][\n]"
15:59:48.340 [main] DEBUG org.apache.http.headers - >> GET /api/unknown/2 HTTP/1.1
15:59:48.340 [main] DEBUG org.apache.http.headers - >> Accept: */*
15:59:48.340 [main] DEBUG org.apache.http.headers - >> Host: reqres.in
15:59:48.340 [main] DEBUG org.apache.http.headers - >> Connection: Keep-Alive
15:59:48.340 [main] DEBUG org.apache.http.headers - >> User-Agent: Apache-HttpClient/4.5.13 (Java/1.8.0_241)
15:59:48.340 [main] DEBUG org.apache.http.headers - >> Accept-Encoding: gzip,deflate
15:59:48.395 [main] DEBUG org.apache.http.wire -  << "HTTP/1.1 200 OK[\r][\n]"
15:59:48.397 [main] DEBUG org.apache.http.wire -  << "Date: Fri, 22 Apr 2022 08:59:47 GMT[\r][\n]"
15:59:48.398 [main] DEBUG org.apache.http.wire -  << "Content-Type: application/json; charset=utf-8[\r][\n]"
15:59:48.398 [main] DEBUG org.apache.http.wire -  << "Transfer-Encoding: chunked[\r][\n]"
15:59:48.398 [main] DEBUG org.apache.http.wire -  << "Connection: keep-alive[\r][\n]"
15:59:48.398 [main] DEBUG org.apache.http.wire -  << "X-Powered-By: Express[\r][\n]"
15:59:48.398 [main] DEBUG org.apache.http.wire -  << "Access-Control-Allow-Origin: *[\r][\n]"
15:59:48.398 [main] DEBUG org.apache.http.wire -  << "Etag: W/"e8-ov4wWh4/OY1IMQMqWgskYtOFnVs"[\r][\n]"
15:59:48.398 [main] DEBUG org.apache.http.wire -  << "Via: 1.1 vegur[\r][\n]"
15:59:48.398 [main] DEBUG org.apache.http.wire -  << "Cache-Control: max-age=14400[\r][\n]"
15:59:48.398 [main] DEBUG org.apache.http.wire -  << "CF-Cache-Status: HIT[\r][\n]"
15:59:48.399 [main] DEBUG org.apache.http.wire -  << "Age: 73[\r][\n]"
15:59:48.399 [main] DEBUG org.apache.http.wire -  << "Expect-CT: max-age=604800, report-uri="https://report-uri.cloudflare.com/cdn-cgi/beacon/expect-ct"[\r][\n]"
15:59:48.399 [main] DEBUG org.apache.http.wire -  << "Report-To: {"endpoints":[{"url":"https:\/\/a.nel.cloudflare.com\/report\/v3?s=kEQk%2BYD5wEh1%2FQByUTs%2FI7%2FXRDO9WYBdA0zSXZCQaq9xqQZYmaWJFG9qgreZQf0%2FZ3pPaHPrfOmbG9nURvEZsBTby3LGfPv8V2tpF898NeLkfVoqhbvNklPP6Hk%3D"}],"group":"cf-nel","max_age":604800}[\r][\n]"
15:59:48.399 [main] DEBUG org.apache.http.wire -  << "NEL: {"success_fraction":0,"report_to":"cf-nel","max_age":604800}[\r][\n]"
15:59:48.399 [main] DEBUG org.apache.http.wire -  << "Vary: Accept-Encoding[\r][\n]"
15:59:48.399 [main] DEBUG org.apache.http.wire -  << "Server: cloudflare[\r][\n]"
15:59:48.399 [main] DEBUG org.apache.http.wire -  << "CF-RAY: 6ffd2a56698318a8-SIN[\r][\n]"
15:59:48.399 [main] DEBUG org.apache.http.wire -  << "Content-Encoding: gzip[\r][\n]"
15:59:48.399 [main] DEBUG org.apache.http.wire -  << "alt-svc: h3=":443"; ma=86400, h3-29=":443"; ma=86400[\r][\n]"
15:59:48.400 [main] DEBUG org.apache.http.wire -  << "[\r][\n]"
15:59:48.401 [main] DEBUG org.apache.http.impl.conn.DefaultClientConnection - Receiving response: HTTP/1.1 200 OK
15:59:48.401 [main] DEBUG org.apache.http.headers - << HTTP/1.1 200 OK
15:59:48.401 [main] DEBUG org.apache.http.headers - << Date: Fri, 22 Apr 2022 08:59:47 GMT
15:59:48.401 [main] DEBUG org.apache.http.headers - << Content-Type: application/json; charset=utf-8
15:59:48.401 [main] DEBUG org.apache.http.headers - << Transfer-Encoding: chunked
15:59:48.401 [main] DEBUG org.apache.http.headers - << Connection: keep-alive
15:59:48.401 [main] DEBUG org.apache.http.headers - << X-Powered-By: Express
15:59:48.401 [main] DEBUG org.apache.http.headers - << Access-Control-Allow-Origin: *
15:59:48.401 [main] DEBUG org.apache.http.headers - << Etag: W/"e8-ov4wWh4/OY1IMQMqWgskYtOFnVs"
15:59:48.402 [main] DEBUG org.apache.http.headers - << Via: 1.1 vegur
15:59:48.402 [main] DEBUG org.apache.http.headers - << Cache-Control: max-age=14400
15:59:48.402 [main] DEBUG org.apache.http.headers - << CF-Cache-Status: HIT
15:59:48.402 [main] DEBUG org.apache.http.headers - << Age: 73
15:59:48.402 [main] DEBUG org.apache.http.headers - << Expect-CT: max-age=604800, report-uri="https://report-uri.cloudflare.com/cdn-cgi/beacon/expect-ct"
15:59:48.402 [main] DEBUG org.apache.http.headers - << Report-To: {"endpoints":[{"url":"https:\/\/a.nel.cloudflare.com\/report\/v3?s=kEQk%2BYD5wEh1%2FQByUTs%2FI7%2FXRDO9WYBdA0zSXZCQaq9xqQZYmaWJFG9qgreZQf0%2FZ3pPaHPrfOmbG9nURvEZsBTby3LGfPv8V2tpF898NeLkfVoqhbvNklPP6Hk%3D"}],"group":"cf-nel","max_age":604800}
15:59:48.402 [main] DEBUG org.apache.http.headers - << NEL: {"success_fraction":0,"report_to":"cf-nel","max_age":604800}
15:59:48.402 [main] DEBUG org.apache.http.headers - << Vary: Accept-Encoding
15:59:48.402 [main] DEBUG org.apache.http.headers - << Server: cloudflare
15:59:48.402 [main] DEBUG org.apache.http.headers - << CF-RAY: 6ffd2a56698318a8-SIN
15:59:48.402 [main] DEBUG org.apache.http.headers - << Content-Encoding: gzip
15:59:48.402 [main] DEBUG org.apache.http.headers - << alt-svc: h3=":443"; ma=86400, h3-29=":443"; ma=86400
15:59:48.412 [main] DEBUG org.apache.http.impl.client.DefaultHttpClient - Connection can be kept alive indefinitely
15:59:48.436 [main] DEBUG io.restassured.internal.RequestSpecificationImpl$RestAssuredHttpBuilder - Parsing response as: application/json; charset=utf-8
15:59:48.437 [main] DEBUG org.apache.http.wire -  << "c7[\r][\n]"
15:59:48.438 [main] DEBUG org.apache.http.wire -  << "[0x1f][0x8b][0x8][0x0][0x0][0x0][0x0][0x0][0x0][0x3]-[0xcd][0xcd]N[0xc3]0[0x10]E[0xe1]W1[0xb7][[0x97][0xfc][0x14][0x14][0xc9][[0xde][0xa0]b[0x8f][0x6]gJ,[0x82][0xed][0xce][0x8c][0xdb][0xa2]*[0xef][0x8e]*[0xb1]?[0x9f][0xce][0x1d]3[0x19]![0xdc][0x91]f[0x84][0xd1]#[0xd3][0xf]#[0xe0][0xd4][0xe2][0xa2][0x89][0x9c][0x14]ex[0xfc]2[0x9][0xc2][0xd8][0xf7][0x83]G,k[0x11][0x4][0xec][0xde][0xa6][0x97][0xc3][0xf4][\n]"
15:59:48.438 [main] DEBUG org.apache.http.wire -  << "[0x8f]J[0xd9]J[0xe6][0x8f][0xb][0xad][0xed][0x81][0x87]i?[0xf6][0x87][0x1][0x9b][0x87][0xb6]Z[0x8b][0xd8]c[0xd0]dE[0xc0]bV5t[0x9d][0xf0]YX[0x9f]S[0xee]v[0xff][0xcd]~a[0x9a]S[0xfe][0x82][0x87][0xf1][0xcd][0x10][0xf0]^[0xdc]7suG>[0x1f]Y[0xdd]I[0x98][0xbd][0x8b]%[0x9b][0xa4][0xcf]f[0xa9]duV[0xae]$[0xb3]:e[0xb9][0xb0][0xb8]X[0xd4][0xd4][0x91][0xb0][0xa3]Z[0x85]c"[0xe3][0xf9][0x9][0xdb][0xf6][0x7]&Kz[0x81][0xe8][0x0][0x0][0x0]"
15:59:48.439 [main] DEBUG org.apache.http.wire -  << "[\r][\n]"
15:59:48.440 [main] DEBUG org.apache.http.wire -  << "0[\r][\n]"
15:59:48.440 [main] DEBUG org.apache.http.wire -  << "[\r][\n]"
15:59:48.441 [main] DEBUG io.restassured.internal.RequestSpecificationImpl$RestAssuredHttpBuilder - Parsed data to instance of: class org.apache.http.conn.EofSensorInputStream
15:59:48.504 [main] DEBUG org.apache.http.impl.conn.BasicClientConnectionManager - Releasing connection org.apache.http.impl.conn.ManagedClientConnectionImpl@14422d9d
15:59:48.504 [main] DEBUG org.apache.http.impl.conn.BasicClientConnectionManager - Connection can be kept alive indefinitely
15:59:48.549 [main] DEBUG net.thucydides.core.steps.StepInterceptor - STEP DONE: I send GET HTTP request
  &amp#27;[32mWhen &amp#27;[0m&amp#27;[32mI send GET HTTP request&amp#27;[0m                             &amp#27;[90m# starter.stepdefinitions.UserSteps.sendGetHttpRequest()&amp#27;[0m
15:59:48.559 [main] DEBUG net.thucydides.core.steps.StepInterceptor - STARTING STEP: UserSteps.receiveValidHttpResponse - I receive valid HTTP response code 200
15:59:48.610 [main] DEBUG net.thucydides.core.steps.StepInterceptor - STEP DONE: I receive valid HTTP response code 200
  &amp#27;[32mThen &amp#27;[0m&amp#27;[32mI receive valid HTTP response code 200&amp#27;[0m              &amp#27;[90m# starter.stepdefinitions.UserSteps.receiveValidHttpResponse()&amp#27;[0m
15:59:48.615 [main] DEBUG net.thucydides.core.steps.StepInterceptor - STARTING STEP: UserSteps.receiveValidDataForDetailName - I receive valid data for detail name
15:59:49.415 [main] DEBUG net.thucydides.core.steps.StepInterceptor - STEP DONE: I receive valid data for detail name
  &amp#27;[32mAnd &amp#27;[0m&amp#27;[32mI receive valid data for detail name&amp#27;[0m                 &amp#27;[90m# starter.stepdefinitions.UserSteps.receiveValidDataForDetailName()&amp#27;[0m
15:59:49.419 [main] INFO  - 
  _____   ___   ___   _____     ___     _     ___   ___   ___   ___  
 |_   _| | __| / __| |_   _|   | _ \   /_\   / __| / __| | __| |   \ 
   | |   | _|  \__ \   | |     |  _/  / _ \  \__ \ \__ \ | _|  | |) |
   |_|   |___| |___/   |_|     |_|   /_/ \_\ |___/ |___/ |___| |___/ 

GET - As admin I have be able to get detail name
----------------------------------------------------------------------
]]></system-out>
  </testcase>
</testsuite>