<?xml version="1.0" encoding="UTF-8"?>
<testsuite xmlns:xsi="http://www.w3.org/2001/XMLSchema-instance" xsi:noNamespaceSchemaLocation="https://maven.apache.org/surefire/maven-failsafe-plugin/xsd/failsafe-test-report.xsd" name="ViewProfile" time="0.029" tests="1" errors="0" skipped="1" failures="0">
  <properties>
[...]
</properties>
  <testcase name="As a user i have be able to see my profile" classname="ViewProfile" time="0">
    <skipped message="The step &quot;I am on Profile Page&quot; is undefined"/>
    <system-out><![CDATA[18:41:08.610 [pool-1-thread-1] INFO  n.t.c.steps.ConsoleLoggingListener - 
          __  _____ _____ ____ _____   ____  _____ _   _ ____ ___ _   _  ____ 
 _       / / |_   _| ____/ ___|_   _| |  _ \| ____| \ | |  _ \_ _| \ | |/ ___|
(_)____ / /    | | |  _| \___ \ | |   | |_) |  _| |  \| | | | | ||  \| | |  _ 
 |_____/ /     | | | |___ ___) || |   |  __/| |___| |\  | |_| | || |\  | |_| |
(_)   /_/      |_| |_____|____/ |_|   |_|   |_____|_| \_|____/___|_| \_|\____|
                                                                                

TEST PENDING: As a user i have be able to see my profile
---------------------------------------------------------------------------------
Feature: Add My Network
  As a user
  I want to add my network

  Scenario: As user i have be able to add my network &amp#27;[90m# src/test/resources/features/AddMyNetwork.feature:5&amp#27;[0m
    &amp#27;[32mGiven &amp#27;[0m&amp#27;[32mI am on My Network page&amp#27;[0m                    &amp#27;[90m# AddMyNetworkSteps.onTheMyNetworkPage()&amp#27;[0m
    &amp#27;[32mThen &amp#27;[0m&amp#27;[32mChoose one account&amp#27;[0m                          &amp#27;[90m# AddMyNetworkSteps.ChooseAccount()&amp#27;[0m
    &amp#27;[32mAnd &amp#27;[0m&amp#27;[32mI click connect button&amp#27;[0m                       &amp#27;[90m# AddMyNetworkSteps.ClickConnectButton()&amp#27;[0m

Feature: FindJob
  As a user
  I want to see the job in linkedin
  So that I can find job

  Scenario: As user i have to find job in linkedin &amp#27;[90m# src/test/resources/features/FindJob.feature:6&amp#27;[0m
    &amp#27;[32mGiven &amp#27;[0m&amp#27;[32mI am on homepage page&amp#27;[0m                    &amp#27;[90m# FindJobSteps.onHomePage()&amp#27;[0m
    &amp#27;[32mAnd &amp#27;[0m&amp#27;[32mI am click button homepage&amp#27;[0m                 &amp#27;[90m# FindJobSteps.onClickButton()&amp#27;[0m
    &amp#27;[32mThen &amp#27;[0m&amp#27;[32mI am find job page&amp#27;[0m                        &amp#27;[90m# FindJobSteps.findJobPage()&amp#27;[0m
    &amp#27;[32mAnd &amp#27;[0m&amp#27;[32mI am click Free Job Posting&amp#27;[0m                &amp#27;[90m# FindJobSteps.freeJobPosting()&amp#27;[0m
    &amp#27;[32mThen &amp#27;[0m&amp#27;[32mI am write a form job posting&amp#27;[0m             &amp#27;[90m# FindJobSteps.writeFormJob()&amp#27;[0m
    &amp#27;[32mAnd &amp#27;[0m&amp#27;[32mI click button submit&amp#27;[0m                      &amp#27;[90m# FindJobSteps.buttonSubmit()&amp#27;[0m

Feature: Login
  As a user
  I want to see my home page

  Scenario: As user i have be able to success login &amp#27;[90m# src/test/resources/features/Login.feature:5&amp#27;[0m
    &amp#27;[32mGiven &amp#27;[0m&amp#27;[32mI am on login page&amp#27;[0m                        &amp#27;[90m# LoginSteps.onTheLoginPage()&amp#27;[0m
    &amp#27;[32mWhen &amp#27;[0m&amp#27;[32mI enter my username and password correctly&amp#27;[0m &amp#27;[90m# LoginSteps.enterUsernamePassword()&amp#27;[0m
    &amp#27;[32mAnd &amp#27;[0m&amp#27;[32mI click login button&amp#27;[0m                        &amp#27;[90m# LoginSteps.ClickButtonLogin()&amp#27;[0m
    &amp#27;[32mThen &amp#27;[0m&amp#27;[32mI am on the dashboard page&amp#27;[0m                 &amp#27;[90m# LoginSteps.onTheDashboardPage()&amp#27;[0m

Feature: View Message
  As a user
  I want to see my message

  Scenario: As user i have be able to view my message &amp#27;[90m# src/test/resources/features/ViewMessage.feature:5&amp#27;[0m
    &amp#27;[32mGiven &amp#27;[0m&amp#27;[32mI am on message page&amp#27;[0m                        &amp#27;[90m# ViewMessageSteps.onMessagePage()&amp#27;[0m
    &amp#27;[32mAnd &amp#27;[0m&amp#27;[32mI click the message of someone&amp#27;[0m                &amp#27;[90m# ViewMessageSteps.ClickTheMessage()&amp#27;[0m
    &amp#27;[32mThen &amp#27;[0m&amp#27;[32mI am see the message&amp#27;[0m                         &amp#27;[90m# ViewMessageSteps.SeeTheMessage()&amp#27;[0m

Feature: ForgotPassword
  As a user
  I want to reset my password
  So that I can login

  Scenario: As user i have be able to success reset password &amp#27;[90m# src/test/resources/features/forgotpassword.feature:6&amp#27;[0m
    &amp#27;[32mGiven &amp#27;[0m&amp#27;[32mI am on forgot password page&amp#27;[0m                       &amp#27;[90m# ForgotPasswordSteps.onTheForgotPasswordPage()&amp#27;[0m
    &amp#27;[32mWhen &amp#27;[0m&amp#27;[32mI enter my email or number phone is correct&amp#27;[0m         &amp#27;[90m# ForgotPasswordSteps.enterEmail()&amp#27;[0m
    &amp#27;[32mAnd &amp#27;[0m&amp#27;[32mI click forgot button&amp#27;[0m                                &amp#27;[90m# ForgotPasswordSteps.ClickButtonForgot()&amp#27;[0m

Feature: ViewProfile
  As a user
  I want to check my profile
  So that i can see my profile

  Scenario: As a user i have be able to see my profile &amp#27;[90m# src/test/resources/features/viewprofile.feature:6&amp#27;[0m
    &amp#27;[33mGiven &amp#27;[0m&amp#27;[33mI am on Profile Page&amp#27;[0m                         &amp#27;[90m# null&amp#27;[0m
    &amp#27;[36mAnd &amp#27;[0m&amp#27;[36mI click button click profile&amp#27;[0m                   &amp#27;[90m# ViewProfileSteps.onClickButton()&amp#27;[0m
    &amp#27;[36mThen &amp#27;[0m&amp#27;[36mI am see my profile&amp#27;[0m                           &amp#27;[90m# ViewProfileSteps.Profile()&amp#27;[0m

There were undefined steps. You can implement missing steps with the snippets below:

@Given("I am on Profile Page")
public void i_am_on_Profile_Page() {
    // Write code here that turns the phrase above into concrete actions
    throw new cucumber.api.PendingException();
}

18:41:08.629 [pool-1-thread-1] DEBUG n.t.core.reports.ReportService - Reporting formats: [JSON, HTML]
18:41:08.729 [pool-1-thread-1] DEBUG n.t.core.reports.ReportService - Reporting formats: [JSON, HTML]
18:41:08.744 [pool-1-thread-1] DEBUG n.t.core.reports.ReportService - Generating reports for 6 test outcomes using: net.thucydides.core.reports.json.JSONTestOutcomeReporter@c9ee029
18:41:08.745 [pool-1-thread-1] DEBUG n.t.core.reports.ReportService - Processing test outcome Add My Network:As user i have be able to add my network
18:41:08.746 [pool-1-thread-2] DEBUG n.t.core.reports.ReportService - Processing test outcome FindJob:As user i have to find job in linkedin
18:41:08.746 [pool-1-thread-4] DEBUG n.t.core.reports.ReportService - Processing test outcome View Message:As user i have be able to view my message
18:41:08.746 [pool-1-thread-5] DEBUG n.t.core.reports.ReportService - Processing test outcome ForgotPassword:As user i have be able to success reset password
18:41:08.746 [pool-1-thread-3] DEBUG n.t.core.reports.ReportService - Processing test outcome Login:As user i have be able to success login
18:41:08.746 [pool-1-thread-1] DEBUG n.t.core.reports.ReportService - net.thucydides.core.reports.json.JSONTestOutcomeReporter@c9ee029: Generating report for test outcome: Add My Network:As user i have be able to add my network
18:41:08.746 [pool-1-thread-3] DEBUG n.t.core.reports.ReportService - net.thucydides.core.reports.json.JSONTestOutcomeReporter@c9ee029: Generating report for test outcome: Login:As user i have be able to success login
18:41:08.746 [pool-1-thread-5] DEBUG n.t.core.reports.ReportService - net.thucydides.core.reports.json.JSONTestOutcomeReporter@c9ee029: Generating report for test outcome: ForgotPassword:As user i have be able to success reset password
18:41:08.746 [pool-1-thread-6] DEBUG n.t.core.reports.ReportService - Processing test outcome ViewProfile:As a user i have be able to see my profile
18:41:08.746 [pool-1-thread-4] DEBUG n.t.core.reports.ReportService - net.thucydides.core.reports.json.JSONTestOutcomeReporter@c9ee029: Generating report for test outcome: View Message:As user i have be able to view my message
18:41:08.746 [pool-1-thread-2] DEBUG n.t.core.reports.ReportService - net.thucydides.core.reports.json.JSONTestOutcomeReporter@c9ee029: Generating report for test outcome: FindJob:As user i have to find job in linkedin
18:41:08.747 [pool-1-thread-6] DEBUG n.t.core.reports.ReportService - net.thucydides.core.reports.json.JSONTestOutcomeReporter@c9ee029: Generating report for test outcome: ViewProfile:As a user i have be able to see my profile
18:41:09.166 [pool-1-thread-6] DEBUG n.t.c.r.json.JSONTestOutcomeReporter - Generating JSON report for As a user i have be able to see my profile to file D:\PERKULIAHAN\SEMESTER 6\KAMPUS MERDEKA\New folder\17_Behaviour Driven Development\praktikum\TugasALTA\target\site\serenity\fcf0134c08957f68e57382fba5b9c4b5fa74bab595f3c2996ed0b6011d5d8e2d.json (using temp file D:\PERKULIAHAN\SEMESTER 6\KAMPUS MERDEKA\New folder\17_Behaviour Driven Development\praktikum\TugasALTA\target\site\serenity\fcf0134c08957f68e57382fba5b9c4b5fa74bab595f3c2996ed0b6011d5d8e2d.json419163d3-fc02-43fe-8836-3bea7b2a4424)
18:41:09.167 [pool-1-thread-2] DEBUG n.t.c.r.json.JSONTestOutcomeReporter - Generating JSON report for As user i have to find job in linkedin to file D:\PERKULIAHAN\SEMESTER 6\KAMPUS MERDEKA\New folder\17_Behaviour Driven Development\praktikum\TugasALTA\target\site\serenity\d7bb6a80ea5fe222cc2cff7d75dba8dd1e50f7ed2b18bed2c7a62536841fc166.json (using temp file D:\PERKULIAHAN\SEMESTER 6\KAMPUS MERDEKA\New folder\17_Behaviour Driven Development\praktikum\TugasALTA\target\site\serenity\d7bb6a80ea5fe222cc2cff7d75dba8dd1e50f7ed2b18bed2c7a62536841fc166.jsona5802184-f1c2-4931-9d03-029c9eb99dfc)
18:41:09.167 [pool-1-thread-3] DEBUG n.t.c.r.json.JSONTestOutcomeReporter - Generating JSON report for As user i have be able to success login to file D:\PERKULIAHAN\SEMESTER 6\KAMPUS MERDEKA\New folder\17_Behaviour Driven Development\praktikum\TugasALTA\target\site\serenity\62b7dd45c26136ff8212fa43c5369b3d39443fdf2af6e578f32f3c139b538fbb.json (using temp file D:\PERKULIAHAN\SEMESTER 6\KAMPUS MERDEKA\New folder\17_Behaviour Driven Development\praktikum\TugasALTA\target\site\serenity\62b7dd45c26136ff8212fa43c5369b3d39443fdf2af6e578f32f3c139b538fbb.jsonbd988f5e-6bc9-4144-88d2-431ffc88be30)
18:41:09.167 [pool-1-thread-1] DEBUG n.t.c.r.json.JSONTestOutcomeReporter - Generating JSON report for As user i have be able to add my network to file D:\PERKULIAHAN\SEMESTER 6\KAMPUS MERDEKA\New folder\17_Behaviour Driven Development\praktikum\TugasALTA\target\site\serenity\5bfa69fc197794e9763d8a81a10b51a670e2d55b8d0f03e99c933f498e993ffa.json (using temp file D:\PERKULIAHAN\SEMESTER 6\KAMPUS MERDEKA\New folder\17_Behaviour Driven Development\praktikum\TugasALTA\target\site\serenity\5bfa69fc197794e9763d8a81a10b51a670e2d55b8d0f03e99c933f498e993ffa.json3179e595-9cd3-42d5-a70f-fd6271b0eb79)
18:41:09.167 [pool-1-thread-5] DEBUG n.t.c.r.json.JSONTestOutcomeReporter - Generating JSON report for As user i have be able to success reset password to file D:\PERKULIAHAN\SEMESTER 6\KAMPUS MERDEKA\New folder\17_Behaviour Driven Development\praktikum\TugasALTA\target\site\serenity\cd884d09a051f0ef5c1ad684c748f29d5c1c6e00967a3fdf8738682441800676.json (using temp file D:\PERKULIAHAN\SEMESTER 6\KAMPUS MERDEKA\New folder\17_Behaviour Driven Development\praktikum\TugasALTA\target\site\serenity\cd884d09a051f0ef5c1ad684c748f29d5c1c6e00967a3fdf8738682441800676.json800a9cef-2863-4774-8b3e-4c18d58f19c2)
18:41:09.167 [pool-1-thread-4] DEBUG n.t.c.r.json.JSONTestOutcomeReporter - Generating JSON report for As user i have be able to view my message to file D:\PERKULIAHAN\SEMESTER 6\KAMPUS MERDEKA\New folder\17_Behaviour Driven Development\praktikum\TugasALTA\target\site\serenity\ff9d27079af517fc4a01d3bb08b72aaa9405cee0eef5ba1f282c03747e09c90e.json (using temp file D:\PERKULIAHAN\SEMESTER 6\KAMPUS MERDEKA\New folder\17_Behaviour Driven Development\praktikum\TugasALTA\target\site\serenity\ff9d27079af517fc4a01d3bb08b72aaa9405cee0eef5ba1f282c03747e09c90e.json407ee741-cd42-4999-b09f-dab5d801cb59)
18:41:09.222 [pool-1-thread-4] DEBUG n.t.core.reports.ReportService - Processing test outcome View Message:As user i have be able to view my message done
18:41:09.222 [pool-1-thread-3] DEBUG n.t.core.reports.ReportService - Processing test outcome Login:As user i have be able to success login done
18:41:09.222 [pool-1-thread-5] DEBUG n.t.core.reports.ReportService - Processing test outcome ForgotPassword:As user i have be able to success reset password done
18:41:09.222 [pool-1-thread-6] DEBUG n.t.core.reports.ReportService - Processing test outcome ViewProfile:As a user i have be able to see my profile done
18:41:09.222 [pool-1-thread-1] DEBUG n.t.core.reports.ReportService - Processing test outcome Add My Network:As user i have be able to add my network done
18:41:09.224 [pool-1-thread-2] DEBUG n.t.core.reports.ReportService - Processing test outcome FindJob:As user i have to find job in linkedin done
18:41:09.224 [pool-1-thread-1] DEBUG n.t.core.reports.ReportService - Shutting down executor service
18:41:09.224 [pool-1-thread-1] DEBUG n.t.core.reports.ReportService - Reports generated in: 480 ms
18:41:09.225 [pool-1-thread-1] DEBUG n.t.core.reports.ReportService - Generating reports for 6 test outcomes using: net.thucydides.core.reports.html.HtmlAcceptanceTestReporter@3733694a
18:41:09.225 [pool-2-thread-1] DEBUG n.t.core.reports.ReportService - Processing test outcome Add My Network:As user i have be able to add my network
18:41:09.225 [pool-2-thread-2] DEBUG n.t.core.reports.ReportService - Processing test outcome FindJob:As user i have to find job in linkedin
18:41:09.226 [pool-2-thread-3] DEBUG n.t.core.reports.ReportService - Processing test outcome Login:As user i have be able to success login
18:41:09.225 [pool-2-thread-1] DEBUG n.t.core.reports.ReportService - net.thucydides.core.reports.html.HtmlAcceptanceTestReporter@3733694a: Generating report for test outcome: Add My Network:As user i have be able to add my network
18:41:09.226 [pool-2-thread-5] DEBUG n.t.core.reports.ReportService - Processing test outcome ForgotPassword:As user i have be able to success reset password
18:41:09.226 [pool-2-thread-5] DEBUG n.t.core.reports.ReportService - net.thucydides.core.reports.html.HtmlAcceptanceTestReporter@3733694a: Generating report for test outcome: ForgotPassword:As user i have be able to success reset password
18:41:09.226 [pool-2-thread-6] DEBUG n.t.core.reports.ReportService - Processing test outcome ViewProfile:As a user i have be able to see my profile
18:41:09.226 [pool-2-thread-3] DEBUG n.t.core.reports.ReportService - net.thucydides.core.reports.html.HtmlAcceptanceTestReporter@3733694a: Generating report for test outcome: Login:As user i have be able to success login
18:41:09.226 [pool-2-thread-4] DEBUG n.t.core.reports.ReportService - Processing test outcome View Message:As user i have be able to view my message
18:41:09.227 [pool-2-thread-4] DEBUG n.t.core.reports.ReportService - net.thucydides.core.reports.html.HtmlAcceptanceTestReporter@3733694a: Generating report for test outcome: View Message:As user i have be able to view my message
18:41:09.227 [pool-2-thread-1] DEBUG n.t.c.r.h.HtmlAcceptanceTestReporter - GENERATE TEST OUTCOME REPORT FOR As user i have be able to add my network in 5bfa69fc197794e9763d8a81a10b51a670e2d55b8d0f03e99c933f498e993ffa
18:41:09.227 [pool-2-thread-3] DEBUG n.t.c.r.h.HtmlAcceptanceTestReporter - GENERATE TEST OUTCOME REPORT FOR As user i have be able to success login in 62b7dd45c26136ff8212fa43c5369b3d39443fdf2af6e578f32f3c139b538fbb
18:41:09.226 [pool-2-thread-2] DEBUG n.t.core.reports.ReportService - net.thucydides.core.reports.html.HtmlAcceptanceTestReporter@3733694a: Generating report for test outcome: FindJob:As user i have to find job in linkedin
18:41:09.227 [pool-2-thread-5] DEBUG n.t.c.r.h.HtmlAcceptanceTestReporter - GENERATE TEST OUTCOME REPORT FOR As user i have be able to success reset password in cd884d09a051f0ef5c1ad684c748f29d5c1c6e00967a3fdf8738682441800676
18:41:09.226 [pool-2-thread-6] DEBUG n.t.core.reports.ReportService - net.thucydides.core.reports.html.HtmlAcceptanceTestReporter@3733694a: Generating report for test outcome: ViewProfile:As a user i have be able to see my profile
18:41:09.227 [pool-2-thread-4] DEBUG n.t.c.r.h.HtmlAcceptanceTestReporter - GENERATE TEST OUTCOME REPORT FOR As user i have be able to view my message in ff9d27079af517fc4a01d3bb08b72aaa9405cee0eef5ba1f282c03747e09c90e
18:41:09.227 [pool-2-thread-2] DEBUG n.t.c.r.h.HtmlAcceptanceTestReporter - GENERATE TEST OUTCOME REPORT FOR As user i have to find job in linkedin in d7bb6a80ea5fe222cc2cff7d75dba8dd1e50f7ed2b18bed2c7a62536841fc166
18:41:09.227 [pool-2-thread-6] DEBUG n.t.c.r.h.HtmlAcceptanceTestReporter - GENERATE TEST OUTCOME REPORT FOR As a user i have be able to see my profile in fcf0134c08957f68e57382fba5b9c4b5fa74bab595f3c2996ed0b6011d5d8e2d
18:41:09.289 [pool-2-thread-4] DEBUG n.t.c.r.RequirementsTagProvider -  found:[Requirement{name='Add My Network', type='feature' parent = 'null', cardNumber='null'}, Requirement{name='FindJob', type='feature' parent = 'null', cardNumber='null'}, Requirement{name='Login', type='feature' parent = 'null', cardNumber='null'}, Requirement{name='View Message', type='feature' parent = 'null', cardNumber='null'}, Requirement{name='ForgotPassword', type='feature' parent = 'null', cardNumber='null'}, Requirement{name='ViewProfile', type='feature' parent = 'null', cardNumber='null'}]
18:41:09.292 [pool-2-thread-2] DEBUG n.t.c.r.RequirementsTagProvider -  found:[Requirement{name='Add My Network', type='feature' parent = 'null', cardNumber='null'}, Requirement{name='FindJob', type='feature' parent = 'null', cardNumber='null'}, Requirement{name='Login', type='feature' parent = 'null', cardNumber='null'}, Requirement{name='View Message', type='feature' parent = 'null', cardNumber='null'}, Requirement{name='ForgotPassword', type='feature' parent = 'null', cardNumber='null'}, Requirement{name='ViewProfile', type='feature' parent = 'null', cardNumber='null'}]
18:41:09.293 [pool-2-thread-5] DEBUG n.t.c.r.RequirementsTagProvider -  found:[Requirement{name='Add My Network', type='feature' parent = 'null', cardNumber='null'}, Requirement{name='FindJob', type='feature' parent = 'null', cardNumber='null'}, Requirement{name='Login', type='feature' parent = 'null', cardNumber='null'}, Requirement{name='View Message', type='feature' parent = 'null', cardNumber='null'}, Requirement{name='ForgotPassword', type='feature' parent = 'null', cardNumber='null'}, Requirement{name='ViewProfile', type='feature' parent = 'null', cardNumber='null'}]
18:41:09.293 [pool-2-thread-3] DEBUG n.t.c.r.RequirementsTagProvider -  found:[Requirement{name='Add My Network', type='feature' parent = 'null', cardNumber='null'}, Requirement{name='FindJob', type='feature' parent = 'null', cardNumber='null'}, Requirement{name='Login', type='feature' parent = 'null', cardNumber='null'}, Requirement{name='View Message', type='feature' parent = 'null', cardNumber='null'}, Requirement{name='ForgotPassword', type='feature' parent = 'null', cardNumber='null'}, Requirement{name='ViewProfile', type='feature' parent = 'null', cardNumber='null'}]
18:41:09.292 [pool-2-thread-6] DEBUG n.t.c.r.RequirementsTagProvider -  found:[Requirement{name='Add My Network', type='feature' parent = 'null', cardNumber='null'}, Requirement{name='FindJob', type='feature' parent = 'null', cardNumber='null'}, Requirement{name='Login', type='feature' parent = 'null', cardNumber='null'}, Requirement{name='View Message', type='feature' parent = 'null', cardNumber='null'}, Requirement{name='ForgotPassword', type='feature' parent = 'null', cardNumber='null'}, Requirement{name='ViewProfile', type='feature' parent = 'null', cardNumber='null'}]
18:41:09.292 [pool-2-thread-1] DEBUG n.t.c.r.RequirementsTagProvider -  found:[Requirement{name='Add My Network', type='feature' parent = 'null', cardNumber='null'}, Requirement{name='FindJob', type='feature' parent = 'null', cardNumber='null'}, Requirement{name='Login', type='feature' parent = 'null', cardNumber='null'}, Requirement{name='View Message', type='feature' parent = 'null', cardNumber='null'}, Requirement{name='ForgotPassword', type='feature' parent = 'null', cardNumber='null'}, Requirement{name='ViewProfile', type='feature' parent = 'null', cardNumber='null'}]
18:41:09.310 [pool-2-thread-5] DEBUG n.t.c.r.BaseRequirementsService - Requirement found for test outcome As user i have be able to success reset password-[]: Optional[Requirement{name='ForgotPassword', type='feature' parent = 'null', cardNumber='null'}]
18:41:09.310 [pool-2-thread-4] DEBUG n.t.c.r.BaseRequirementsService - Requirement found for test outcome As user i have be able to view my message-[]: Optional[Requirement{name='View Message', type='feature' parent = 'null', cardNumber='null'}]
18:41:09.310 [pool-2-thread-1] DEBUG n.t.c.r.BaseRequirementsService - Requirement found for test outcome As user i have be able to add my network-[]: Optional[Requirement{name='Add My Network', type='feature' parent = 'null', cardNumber='null'}]
18:41:09.310 [pool-2-thread-3] DEBUG n.t.c.r.BaseRequirementsService - Requirement found for test outcome As user i have be able to success login-[]: Optional[Requirement{name='Login', type='feature' parent = 'null', cardNumber='null'}]
18:41:09.310 [pool-2-thread-6] DEBUG n.t.c.r.BaseRequirementsService - Requirement found for test outcome As a user i have be able to see my profile-[]: Optional[Requirement{name='ViewProfile', type='feature' parent = 'null', cardNumber='null'}]
18:41:09.312 [pool-2-thread-2] DEBUG n.t.c.r.BaseRequirementsService - Requirement found for test outcome As user i have to find job in linkedin-[]: Optional[Requirement{name='FindJob', type='feature' parent = 'null', cardNumber='null'}]
18:41:09.316 [pool-2-thread-3] DEBUG n.t.c.r.BaseRequirementsService - Requirement found for test outcome As user i have be able to success login-[]: Optional[Requirement{name='Login', type='feature' parent = 'null', cardNumber='null'}]
18:41:09.316 [pool-2-thread-6] DEBUG n.t.c.r.BaseRequirementsService - Requirement found for test outcome As a user i have be able to see my profile-[]: Optional[Requirement{name='ViewProfile', type='feature' parent = 'null', cardNumber='null'}]
18:41:09.316 [pool-2-thread-1] DEBUG n.t.c.r.BaseRequirementsService - Requirement found for test outcome As user i have be able to add my network-[]: Optional[Requirement{name='Add My Network', type='feature' parent = 'null', cardNumber='null'}]
18:41:09.317 [pool-2-thread-4] DEBUG n.t.c.r.BaseRequirementsService - Requirement found for test outcome As user i have be able to view my message-[]: Optional[Requirement{name='View Message', type='feature' parent = 'null', cardNumber='null'}]
18:41:09.317 [pool-2-thread-5] DEBUG n.t.c.r.BaseRequirementsService - Requirement found for test outcome As user i have be able to success reset password-[]: Optional[Requirement{name='ForgotPassword', type='feature' parent = 'null', cardNumber='null'}]
18:41:09.317 [pool-2-thread-2] DEBUG n.t.c.r.BaseRequirementsService - Requirement found for test outcome As user i have to find job in linkedin-[]: Optional[Requirement{name='FindJob', type='feature' parent = 'null', cardNumber='null'}]
18:41:09.446 [pool-2-thread-4] DEBUG n.t.c.r.h.HtmlAcceptanceTestReporter - GENERATING HTML REPORT FOR View Message:As user i have be able to view my message in ff9d27079af517fc4a01d3bb08b72aaa9405cee0eef5ba1f282c03747e09c90e.html in directory target\site\serenity  
18:41:09.447 [pool-2-thread-6] DEBUG n.t.c.r.h.HtmlAcceptanceTestReporter - GENERATING HTML REPORT FOR ViewProfile:As a user i have be able to see my profile in fcf0134c08957f68e57382fba5b9c4b5fa74bab595f3c2996ed0b6011d5d8e2d.html in directory target\site\serenity  
18:41:09.447 [pool-2-thread-3] DEBUG n.t.c.r.h.HtmlAcceptanceTestReporter - GENERATING HTML REPORT FOR Login:As user i have be able to success login in 62b7dd45c26136ff8212fa43c5369b3d39443fdf2af6e578f32f3c139b538fbb.html in directory target\site\serenity  
18:41:09.447 [pool-2-thread-2] DEBUG n.t.c.r.h.HtmlAcceptanceTestReporter - GENERATING HTML REPORT FOR FindJob:As user i have to find job in linkedin in d7bb6a80ea5fe222cc2cff7d75dba8dd1e50f7ed2b18bed2c7a62536841fc166.html in directory target\site\serenity  
18:41:09.447 [pool-2-thread-5] DEBUG n.t.c.r.h.HtmlAcceptanceTestReporter - GENERATING HTML REPORT FOR ForgotPassword:As user i have be able to success reset password in cd884d09a051f0ef5c1ad684c748f29d5c1c6e00967a3fdf8738682441800676.html in directory target\site\serenity  
18:41:09.447 [pool-2-thread-1] DEBUG n.t.c.r.h.HtmlAcceptanceTestReporter - GENERATING HTML REPORT FOR Add My Network:As user i have be able to add my network in 5bfa69fc197794e9763d8a81a10b51a670e2d55b8d0f03e99c933f498e993ffa.html in directory target\site\serenity  
18:41:10.475 [pool-2-thread-1] DEBUG n.t.c.r.h.HtmlAcceptanceTestReporter - Generating report in 5bfa69fc197794e9763d8a81a10b51a670e2d55b8d0f03e99c933f498e993ffa.html
18:41:10.475 [pool-2-thread-6] DEBUG n.t.c.r.h.HtmlAcceptanceTestReporter - Generating report in fcf0134c08957f68e57382fba5b9c4b5fa74bab595f3c2996ed0b6011d5d8e2d.html
18:41:10.475 [pool-2-thread-5] DEBUG n.t.c.r.h.HtmlAcceptanceTestReporter - Generating report in cd884d09a051f0ef5c1ad684c748f29d5c1c6e00967a3fdf8738682441800676.html
18:41:10.475 [pool-2-thread-4] DEBUG n.t.c.r.h.HtmlAcceptanceTestReporter - Generating report in ff9d27079af517fc4a01d3bb08b72aaa9405cee0eef5ba1f282c03747e09c90e.html
18:41:10.475 [pool-2-thread-2] DEBUG n.t.c.r.h.HtmlAcceptanceTestReporter - Generating report in d7bb6a80ea5fe222cc2cff7d75dba8dd1e50f7ed2b18bed2c7a62536841fc166.html
18:41:10.475 [pool-2-thread-3] DEBUG n.t.c.r.h.HtmlAcceptanceTestReporter - Generating report in 62b7dd45c26136ff8212fa43c5369b3d39443fdf2af6e578f32f3c139b538fbb.html
18:41:11.037 [pool-2-thread-6] DEBUG n.t.c.r.h.HtmlAcceptanceTestReporter - Generated report fcf0134c08957f68e57382fba5b9c4b5fa74bab595f3c2996ed0b6011d5d8e2d.html in 562 ms
18:41:11.038 [pool-2-thread-6] DEBUG n.t.core.reports.ReportService - Processing test outcome ViewProfile:As a user i have be able to see my profile done
18:41:11.041 [pool-2-thread-5] DEBUG n.t.c.r.h.HtmlAcceptanceTestReporter - Generated report cd884d09a051f0ef5c1ad684c748f29d5c1c6e00967a3fdf8738682441800676.html in 566 ms
18:41:11.041 [pool-2-thread-5] DEBUG n.t.core.reports.ReportService - Processing test outcome ForgotPassword:As user i have be able to success reset password done
18:41:11.041 [pool-2-thread-1] DEBUG n.t.c.r.h.HtmlAcceptanceTestReporter - Generated report 5bfa69fc197794e9763d8a81a10b51a670e2d55b8d0f03e99c933f498e993ffa.html in 566 ms
18:41:11.041 [pool-2-thread-1] DEBUG n.t.core.reports.ReportService - Processing test outcome Add My Network:As user i have be able to add my network done
18:41:11.041 [pool-2-thread-4] DEBUG n.t.c.r.h.HtmlAcceptanceTestReporter - Generated report ff9d27079af517fc4a01d3bb08b72aaa9405cee0eef5ba1f282c03747e09c90e.html in 566 ms
18:41:11.043 [pool-2-thread-4] DEBUG n.t.core.reports.ReportService - Processing test outcome View Message:As user i have be able to view my message done
18:41:11.046 [pool-2-thread-3] DEBUG n.t.c.r.h.HtmlAcceptanceTestReporter - Generated report 62b7dd45c26136ff8212fa43c5369b3d39443fdf2af6e578f32f3c139b538fbb.html in 570 ms
18:41:11.046 [pool-2-thread-3] DEBUG n.t.core.reports.ReportService - Processing test outcome Login:As user i have be able to success login done
18:41:11.052 [pool-2-thread-2] DEBUG n.t.c.r.h.HtmlAcceptanceTestReporter - Generated report d7bb6a80ea5fe222cc2cff7d75dba8dd1e50f7ed2b18bed2c7a62536841fc166.html in 576 ms
18:41:11.052 [pool-2-thread-2] DEBUG n.t.core.reports.ReportService - Processing test outcome FindJob:As user i have to find job in linkedin done
18:41:11.052 [pool-1-thread-1] DEBUG n.t.core.reports.ReportService - Shutting down executor service
18:41:11.052 [pool-1-thread-1] DEBUG n.t.core.reports.ReportService - Reports generated in: 1827 ms
18:41:08.590 [pool-1-thread-1] INFO  n.t.c.steps.ConsoleLoggingListener - 
 _____ _____ ____ _____   ____ _____  _    ____ _____ _____ ____  
|_   _| ____/ ___|_   _| / ___|_   _|/ \  |  _ \_   _| ____|  _ \ 
  | | |  _| \___ \ | |   \___ \ | | / _ \ | |_) || | |  _| | | | |
  | | | |___ ___) || |    ___) || |/ ___ \|  _ < | | | |___| |_| |
  |_| |_____|____/ |_|   |____/ |_/_/   \_\_| \_\|_| |_____|____/ 
                                                                  

TEST STARTED: As a user i have be able to see my profile
-------------------------------------------------------------------(viewprofile;as-a-user-i-have-be-able-to-see-my-profile)
18:41:08.599 [pool-1-thread-1] INFO  n.t.c.steps.ConsoleLoggingListener - TEST PENDING
]]></system-out>
  </testcase>
</testsuite>