<?xml version="1.0" encoding="UTF-8"?>
<testsuite xmlns:xsi="http://www.w3.org/2001/XMLSchema-instance" xsi:noNamespaceSchemaLocation="https://maven.apache.org/surefire/maven-failsafe-plugin/xsd/failsafe-test-report-3.0.xsd" version="3.0" name="CucumberTestSuite" time="80.202" tests="5" errors="0" skipped="0" failures="0">
  <properties>
[...]
</properties>
  <testcase name="As a user I have to be able to login in ToolsQa" classname="Login" time="16.78">
    <system-out><![CDATA[15:40:21.498 [main] INFO io.cucumber.core.plugin.SerenityReporter - Running feature from file:///D:/PERKULIAHAN/SEMESTER%202/SOAL/section20/section20/src/test/resources/features/Login.feature
15:40:21.698 [main] INFO  - 

-------------------------------------------------------------------------------------
     _______. _______ .______       _______ .__   __.  __  .___________.____    ____ 
    /       ||   ____||   _  \     |   ____||  \ |  | |  | |           |\   \  /   / 
   |   (----`|  |__   |  |_)  |    |  |__   |   \|  | |  | `---|  |----` \   \/   /  
    \   \    |   __|  |      /     |   __|  |  . `  | |  |     |  |       \_    _/   
.----)   |   |  |____ |  |\  \----.|  |____ |  |\   | |  |     |  |         |  |     
|_______/    |_______|| _| `._____||_______||__| \__| |__|     |__|         |__|    
                                                                                     
 News and tutorials at http://www.serenity-bdd.info                                  
 Documentation at https://wakaleo.gitbooks.io/the-serenity-book/content/             
 Join the Serenity Community on Gitter: https://gitter.im/serenity-bdd/serenity-core 
 Serenity BDD Support and Training at http://serenity-bdd.info/#/trainingandsupport  
-------------------------------------------------------------------------------------

15:40:21.700 [main] DEBUG net.thucydides.core.steps.StepEventBus - Test suite started for story net.thucydides.core.model.Story@23282f08
15:40:21.705 [main] INFO  - Test Suite Started: Login
15:40:21.757 [main] INFO io.cucumber.core.plugin.SerenityReporter - Running feature from file:///D:/PERKULIAHAN/SEMESTER%202/SOAL/section20/section20/src/test/resources/features/Login.feature
15:40:21.759 [main] DEBUG net.thucydides.core.steps.StepEventBus - Test suite started for story net.thucydides.core.model.Story@23282f08
15:40:21.760 [main] INFO  - Test Suite Started: Login

Scenario: As a user I have to be able to login in ToolsQa &amp#27;[90m# src/test/resources/features/Login.feature:6&amp#27;[0m
15:40:21.855 [main] INFO io.cucumber.core.plugin.SerenityReporter - Running feature from file:///D:/PERKULIAHAN/SEMESTER%202/SOAL/section20/section20/src/test/resources/features/Login.feature
15:40:21.961 [main] INFO  - 
  _____   ___   ___   _____     ___   _____     _     ___   _____   ___   ___  
 |_   _| | __| / __| |_   _|   / __| |_   _|   /_\   | _ \ |_   _| | __| |   \ 
   | |   | _|  \__ \   | |     \__ \   | |    / _ \  |   /   | |   | _|  | |) |
   |_|   |___| |___/   |_|     |___/   |_|   /_/ \_\ |_|_\   |_|   |___| |___/ 

As a user I have to be able to login in ToolsQa(login;as-a-user-i-have-to-be-able-to-login-in-toolsqa)
--------------------------------------------------------------------------------
15:40:22.955 [main] DEBUG net.thucydides.core.steps.StepInterceptor - STARTING STEP: LoginSteps.iAmOnTheLoginPage - openUrl
15:40:23.057 [main] INFO net.serenitybdd.core.webdriver.driverproviders.ChromeDriverProvider - Using automatically driver download
15:40:24.866 [main] DEBUG io.github.bonigarcia.wdm.cache.ResolutionCache - Resolution chrome=99 in cache (valid until 16:04:02 30/03/2022 ICT)
15:40:24.871 [main] DEBUG io.github.bonigarcia.wdm.cache.ResolutionCache - Resolution chrome99=99.0.4844.51 in cache (valid until 09:13:43 31/03/2022 ICT)
15:40:24.874 [main] INFO io.github.bonigarcia.wdm.WebDriverManager - Using chromedriver 99.0.4844.51 (resolved driver for Chrome 99)
15:40:24.888 [main] DEBUG io.github.bonigarcia.wdm.WebDriverManager - Driver chromedriver 99.0.4844.51 found in cache
15:40:24.888 [main] INFO io.github.bonigarcia.wdm.WebDriverManager - Exporting webdriver.chrome.driver as C:\Users\ACER\.cache\selenium\chromedriver\win32\99.0.4844.51\chromedriver.exe
15:40:25.003 [main] DEBUG net.thucydides.core.reflection.ClassFinder - Could not load class .CucumberTestSuite
15:40:25.003 [main] DEBUG net.thucydides.core.reflection.ClassFinder - Could not load class .starter.pages.HomePage
15:40:25.003 [main] DEBUG net.thucydides.core.reflection.ClassFinder - Could not load class .starter.pages.LoginPage
15:40:25.003 [main] DEBUG net.thucydides.core.reflection.ClassFinder - Could not load class .starter.stepdefinitions.LoginSteps
15:40:25.094 [main] DEBUG net.serenitybdd.core.webdriver.driverproviders.ProvideNewDriver - Instantiating driver
15:40:25.094 [main] DEBUG net.serenitybdd.core.webdriver.driverproviders.ProvideNewDriver - Driver capabilities: Capabilities {acceptInsecureCerts: false, base.url: https://demoqa.com/, browserName: chrome, chrome.driver: src/test/resources/webdrive..., driver: chrome, goog:chromeOptions: {args: [], extensions: []}}
15:40:25.157 [main] DEBUG io.netty.util.internal.logging.InternalLoggerFactory - Using SLF4J as the default logging framework
15:40:25.159 [main] DEBUG io.netty.util.ResourceLeakDetector - -Dio.netty.leakDetection.level: simple
15:40:25.160 [main] DEBUG io.netty.util.ResourceLeakDetector - -Dio.netty.leakDetection.targetRecords: 4
15:40:25.163 [main] DEBUG io.netty.util.ResourceLeakDetectorFactory - Loaded default ResourceLeakDetector: io.netty.util.ResourceLeakDetector@5e1a5f
15:40:25.181 [main] DEBUG io.netty.util.internal.PlatformDependent0 - -Dio.netty.noUnsafe: false
15:40:25.182 [main] DEBUG io.netty.util.internal.PlatformDependent0 - Java version: 8
15:40:25.183 [main] DEBUG io.netty.util.internal.PlatformDependent0 - sun.misc.Unsafe.theUnsafe: available
15:40:25.183 [main] DEBUG io.netty.util.internal.PlatformDependent0 - sun.misc.Unsafe.copyMemory: available
15:40:25.183 [main] DEBUG io.netty.util.internal.PlatformDependent0 - java.nio.Buffer.address: available
15:40:25.184 [main] DEBUG io.netty.util.internal.PlatformDependent0 - direct buffer constructor: available
15:40:25.184 [main] DEBUG io.netty.util.internal.PlatformDependent0 - java.nio.Bits.unaligned: available, true
15:40:25.185 [main] DEBUG io.netty.util.internal.PlatformDependent0 - jdk.internal.misc.Unsafe.allocateUninitializedArray(int): unavailable prior to Java9
15:40:25.185 [main] DEBUG io.netty.util.internal.PlatformDependent0 - java.nio.DirectByteBuffer.<init>(long, int): available
15:40:25.185 [main] DEBUG io.netty.util.internal.PlatformDependent - sun.misc.Unsafe: available
15:40:25.185 [main] DEBUG io.netty.util.internal.PlatformDependent - -Dio.netty.tmpdir: C:\Users\ACER\AppData\Local\Temp (java.io.tmpdir)
15:40:25.185 [main] DEBUG io.netty.util.internal.PlatformDependent - -Dio.netty.bitMode: 64 (sun.arch.data.model)
15:40:25.185 [main] DEBUG io.netty.util.internal.PlatformDependent - Platform: Windows
15:40:25.186 [main] DEBUG io.netty.util.internal.PlatformDependent - -Dio.netty.maxDirectMemory: 1873805312 bytes
15:40:25.187 [main] DEBUG io.netty.util.internal.PlatformDependent - -Dio.netty.uninitializedArrayAllocationThreshold: -1
15:40:25.188 [main] DEBUG io.netty.util.internal.CleanerJava6 - java.nio.ByteBuffer.cleaner(): available
15:40:25.188 [main] DEBUG io.netty.util.internal.PlatformDependent - -Dio.netty.noPreferDirect: false
15:40:25.196 [main] DEBUG io.netty.util.internal.PlatformDependent - org.jctools-core.MpscChunkedArrayQueue: available
15:40:25.218 [main] DEBUG io.netty.util.internal.InternalThreadLocalMap - -Dio.netty.threadLocalMap.stringBuilder.initialSize: 1024
15:40:25.218 [main] DEBUG io.netty.util.internal.InternalThreadLocalMap - -Dio.netty.threadLocalMap.stringBuilder.maxSize: 4096
15:40:25.254 [main] DEBUG io.netty.handler.ssl.JdkSslContext - Default protocols (JDK): [TLSv1.2, TLSv1.1, TLSv1] 
15:40:25.254 [main] DEBUG io.netty.handler.ssl.JdkSslContext - Default cipher suites (JDK): [TLS_ECDHE_ECDSA_WITH_AES_256_GCM_SHA384, TLS_ECDHE_ECDSA_WITH_AES_128_GCM_SHA256, TLS_ECDHE_RSA_WITH_AES_128_GCM_SHA256, TLS_ECDHE_RSA_WITH_AES_256_GCM_SHA384, TLS_ECDHE_RSA_WITH_AES_128_CBC_SHA, TLS_ECDHE_RSA_WITH_AES_256_CBC_SHA, TLS_RSA_WITH_AES_128_GCM_SHA256, TLS_RSA_WITH_AES_128_CBC_SHA, TLS_RSA_WITH_AES_256_CBC_SHA]
15:40:25.282 [main] DEBUG io.netty.channel.MultithreadEventLoopGroup - -Dio.netty.eventLoopThreads: 24
15:40:25.290 [main] DEBUG io.netty.channel.nio.NioEventLoop - -Dio.netty.noKeySetOptimization: false
15:40:25.290 [main] DEBUG io.netty.channel.nio.NioEventLoop - -Dio.netty.selectorAutoRebuildThreshold: 512
15:40:25.328 [main] DEBUG io.netty.buffer.PooledByteBufAllocator - -Dio.netty.allocator.numHeapArenas: 18
15:40:25.329 [main] DEBUG io.netty.buffer.PooledByteBufAllocator - -Dio.netty.allocator.numDirectArenas: 18
15:40:25.329 [main] DEBUG io.netty.buffer.PooledByteBufAllocator - -Dio.netty.allocator.pageSize: 8192
15:40:25.329 [main] DEBUG io.netty.buffer.PooledByteBufAllocator - -Dio.netty.allocator.maxOrder: 11
15:40:25.329 [main] DEBUG io.netty.buffer.PooledByteBufAllocator - -Dio.netty.allocator.chunkSize: 16777216
15:40:25.329 [main] DEBUG io.netty.buffer.PooledByteBufAllocator - -Dio.netty.allocator.smallCacheSize: 256
15:40:25.329 [main] DEBUG io.netty.buffer.PooledByteBufAllocator - -Dio.netty.allocator.normalCacheSize: 64
15:40:25.329 [main] DEBUG io.netty.buffer.PooledByteBufAllocator - -Dio.netty.allocator.maxCachedBufferCapacity: 32768
15:40:25.329 [main] DEBUG io.netty.buffer.PooledByteBufAllocator - -Dio.netty.allocator.cacheTrimInterval: 8192
15:40:25.329 [main] DEBUG io.netty.buffer.PooledByteBufAllocator - -Dio.netty.allocator.cacheTrimIntervalMillis: 0
15:40:25.329 [main] DEBUG io.netty.buffer.PooledByteBufAllocator - -Dio.netty.allocator.useCacheForAllThreads: true
15:40:25.329 [main] DEBUG io.netty.buffer.PooledByteBufAllocator - -Dio.netty.allocator.maxCachedByteBuffersPerChunk: 1023
15:40:25.337 [main] DEBUG io.netty.buffer.ByteBufUtil - -Dio.netty.allocator.type: pooled
15:40:25.337 [main] DEBUG io.netty.buffer.ByteBufUtil - -Dio.netty.threadLocalDirectBufferSize: 0
15:40:25.337 [main] DEBUG io.netty.buffer.ByteBufUtil - -Dio.netty.maxThreadLocalCharBufferSize: 16384
15:40:26.132 [Forwarding newSession on session null to remote] DEBUG io.netty.channel.DefaultChannelId - -Dio.netty.processId: 16488 (auto-detected)
15:40:26.134 [Forwarding newSession on session null to remote] DEBUG io.netty.util.NetUtil - -Djava.net.preferIPv4Stack: false
15:40:26.134 [Forwarding newSession on session null to remote] DEBUG io.netty.util.NetUtil - -Djava.net.preferIPv6Addresses: false
15:40:26.325 [Forwarding newSession on session null to remote] DEBUG io.netty.util.NetUtilInitializations - Loopback interface: lo (Software Loopback Interface 1, 127.0.0.1)
15:40:26.325 [Forwarding newSession on session null to remote] DEBUG io.netty.util.NetUtil - Failed to get SOMAXCONN from sysctl and file \proc\sys\net\core\somaxconn. Default: 200
15:40:26.524 [Forwarding newSession on session null to remote] DEBUG io.netty.channel.DefaultChannelId - -Dio.netty.machineId: 18:56:80:ff:fe:a4:99:35 (auto-detected)
15:40:26.576 [AsyncHttpClient-1-2] DEBUG io.netty.buffer.AbstractByteBuf - -Dio.netty.buffer.checkAccessible: true
15:40:26.576 [AsyncHttpClient-1-2] DEBUG io.netty.buffer.AbstractByteBuf - -Dio.netty.buffer.checkBounds: true
15:40:26.576 [AsyncHttpClient-1-2] DEBUG io.netty.util.ResourceLeakDetectorFactory - Loaded default ResourceLeakDetector: io.netty.util.ResourceLeakDetector@600d8823
15:40:26.595 [AsyncHttpClient-1-2] DEBUG org.asynchttpclient.netty.channel.NettyConnectListener - Using new Channel '[id: 0x36268949, L:/127.0.0.1:55979 - R:localhost/127.0.0.1:54181]' for 'POST' to '/session'
15:40:26.617 [AsyncHttpClient-1-2] DEBUG io.netty.util.Recycler - -Dio.netty.recycler.maxCapacityPerThread: 4096
15:40:26.617 [AsyncHttpClient-1-2] DEBUG io.netty.util.Recycler - -Dio.netty.recycler.ratio: 8
15:40:26.617 [AsyncHttpClient-1-2] DEBUG io.netty.util.Recycler - -Dio.netty.recycler.chunkSize: 32
15:40:26.617 [AsyncHttpClient-1-2] DEBUG io.netty.util.Recycler - -Dio.netty.recycler.blocking: false
15:40:27.197 [AsyncHttpClient-1-2] DEBUG io.netty.handler.codec.compression.Brotli - brotli4j not in the classpath; Brotli support will be unavailable.
15:40:27.197 [AsyncHttpClient-1-2] DEBUG org.asynchttpclient.netty.handler.HttpHandler - 

Request DefaultHttpRequest(decodeResult: success, version: HTTP/1.1)
POST /session HTTP/1.1
User-Agent: selenium/4.1.2 (java windows)
Content-Length: 605
Content-Type: application/json; charset=utf-8
host: localhost:54181
accept: */*

Response DefaultHttpResponse(decodeResult: success, version: HTTP/1.1)
HTTP/1.1 200 OK
Content-Type: application/json; charset=utf-8
cache-control: no-cache
content-length: 787

15:40:27.224 [AsyncHttpClient-1-2] DEBUG org.asynchttpclient.netty.channel.ChannelManager - Adding key: http://localhost:54181 for channel [id: 0x36268949, L:/127.0.0.1:55979 - R:localhost/127.0.0.1:54181]
15:40:27.348 [AsyncHttpClient-1-3] DEBUG org.asynchttpclient.netty.channel.NettyConnectListener - Using new Channel '[id: 0x722fa9e7, L:/127.0.0.1:55987 - R:localhost/127.0.0.1:55981]' for 'GET' to '/json/version'
15:40:27.351 [AsyncHttpClient-1-3] DEBUG org.asynchttpclient.netty.handler.HttpHandler - 

Request DefaultFullHttpRequest(decodeResult: success, version: HTTP/1.1, content: EmptyByteBufBE)
GET /json/version HTTP/1.1
User-Agent: selenium/4.1.2 (java windows)
host: localhost:55981
accept: */*

Response DefaultHttpResponse(decodeResult: success, version: HTTP/1.1)
HTTP/1.1 200 OK
Content-Type: application/json; charset=UTF-8
content-length: 424

15:40:27.351 [AsyncHttpClient-1-3] DEBUG org.asynchttpclient.netty.channel.ChannelManager - Adding key: http://localhost:55981 for channel [id: 0x722fa9e7, L:/127.0.0.1:55987 - R:localhost/127.0.0.1:55981]
15:40:27.363 [main] DEBUG io.netty.util.internal.ThreadLocalRandom - -Dio.netty.initialSeedUniquifier: 0xd335b435999fde9a
15:40:27.371 [AsyncHttpClient-1-4] DEBUG org.asynchttpclient.netty.channel.NettyConnectListener - Using new Channel '[id: 0x7a2071b3, L:/127.0.0.1:55988 - R:localhost/127.0.0.1:55981]' for 'GET' to '/devtools/browser/7ddb8905-7160-4ebb-b662-d8da3c0e917d'
15:40:27.372 [AsyncHttpClient-1-4] DEBUG org.asynchttpclient.netty.handler.WebSocketHandler - 

Request DefaultFullHttpRequest(decodeResult: success, version: HTTP/1.1, content: EmptyByteBufBE)
GET /devtools/browser/7ddb8905-7160-4ebb-b662-d8da3c0e917d HTTP/1.1
upgrade: websocket
connection: upgrade
sec-websocket-key: HdoHVl905DoMVasx5uMIrg==
sec-websocket-version: 13
origin: http://localhost:55981
host: localhost:55981
accept: */*
user-agent: AHC/2.1

Response DefaultHttpResponse(decodeResult: success, version: HTTP/1.1)
HTTP/1.1 101 WebSocket Protocol Handshake
Upgrade: WebSocket
Connection: Upgrade
Sec-WebSocket-Accept: rhXD7Za6vs36TyEupcrjiF+3ShQ=

15:40:27.403 [AsyncHttpClient-1-1] DEBUG org.asynchttpclient.netty.channel.DefaultChannelPool - Entry count for : http://localhost:54181 : 1
15:40:27.403 [AsyncHttpClient-1-1] DEBUG org.asynchttpclient.netty.channel.DefaultChannelPool - Entry count for : http://localhost:55981 : 1
15:40:27.517 [main] DEBUG net.thucydides.core.reflection.ClassFinder - Could not load class .CucumberTestSuite
15:40:27.517 [main] DEBUG net.thucydides.core.reflection.ClassFinder - Could not load class .starter.pages.HomePage
15:40:27.517 [main] DEBUG net.thucydides.core.reflection.ClassFinder - Could not load class .starter.pages.LoginPage
15:40:27.517 [main] DEBUG net.thucydides.core.reflection.ClassFinder - Could not load class .starter.stepdefinitions.LoginSteps
15:40:27.531 [Forwarding get on session 3b383b3e2a649c0d0eda4bb803ba5b50 to remote] DEBUG org.asynchttpclient.netty.request.NettyRequestSender - Using pooled Channel '[id: 0x36268949, L:/127.0.0.1:55979 - R:localhost/127.0.0.1:54181]' for 'POST' to 'http://localhost:54181/session/3b383b3e2a649c0d0eda4bb803ba5b50/url'
15:40:27.532 [Forwarding get on session 3b383b3e2a649c0d0eda4bb803ba5b50 to remote] DEBUG org.asynchttpclient.netty.request.NettyRequestSender - Using open Channel [id: 0x36268949, L:/127.0.0.1:55979 - R:localhost/127.0.0.1:54181] for POST '/session/3b383b3e2a649c0d0eda4bb803ba5b50/url'
15:40:28.507 [AsyncHttpClient-1-1] DEBUG org.asynchttpclient.netty.channel.DefaultChannelPool - Entry count for : http://localhost:55981 : 1
15:40:29.603 [AsyncHttpClient-1-1] DEBUG org.asynchttpclient.netty.channel.DefaultChannelPool - Entry count for : http://localhost:55981 : 1
15:40:30.702 [AsyncHttpClient-1-1] DEBUG org.asynchttpclient.netty.channel.DefaultChannelPool - Entry count for : http://localhost:55981 : 1
15:40:31.803 [AsyncHttpClient-1-1] DEBUG org.asynchttpclient.netty.channel.DefaultChannelPool - Entry count for : http://localhost:55981 : 1
15:40:32.908 [AsyncHttpClient-1-1] DEBUG org.asynchttpclient.netty.channel.DefaultChannelPool - Entry count for : http://localhost:55981 : 1
15:40:34.009 [AsyncHttpClient-1-1] DEBUG org.asynchttpclient.netty.channel.DefaultChannelPool - Entry count for : http://localhost:55981 : 1
15:40:34.858 [AsyncHttpClient-1-2] DEBUG org.asynchttpclient.netty.handler.HttpHandler - 

Request DefaultHttpRequest(decodeResult: success, version: HTTP/1.1)
POST /session/3b383b3e2a649c0d0eda4bb803ba5b50/url HTTP/1.1
User-Agent: selenium/4.1.2 (java windows)
Content-Length: 49
Content-Type: application/json; charset=utf-8
host: localhost:54181
accept: */*

Response DefaultHttpResponse(decodeResult: success, version: HTTP/1.1)
HTTP/1.1 200 OK
Content-Type: application/json; charset=utf-8
cache-control: no-cache
content-length: 14

15:40:34.858 [AsyncHttpClient-1-2] DEBUG org.asynchttpclient.netty.channel.ChannelManager - Adding key: http://localhost:54181 for channel [id: 0x36268949, L:/127.0.0.1:55979 - R:localhost/127.0.0.1:54181]
15:40:34.864 [Forwarding setTimeout on session 3b383b3e2a649c0d0eda4bb803ba5b50 to remote] DEBUG org.asynchttpclient.netty.request.NettyRequestSender - Using pooled Channel '[id: 0x36268949, L:/127.0.0.1:55979 - R:localhost/127.0.0.1:54181]' for 'POST' to 'http://localhost:54181/session/3b383b3e2a649c0d0eda4bb803ba5b50/timeouts'
15:40:34.864 [Forwarding setTimeout on session 3b383b3e2a649c0d0eda4bb803ba5b50 to remote] DEBUG org.asynchttpclient.netty.request.NettyRequestSender - Using open Channel [id: 0x36268949, L:/127.0.0.1:55979 - R:localhost/127.0.0.1:54181] for POST '/session/3b383b3e2a649c0d0eda4bb803ba5b50/timeouts'
15:40:34.867 [AsyncHttpClient-1-2] DEBUG org.asynchttpclient.netty.handler.HttpHandler - 

Request DefaultHttpRequest(decodeResult: success, version: HTTP/1.1)
POST /session/3b383b3e2a649c0d0eda4bb803ba5b50/timeouts HTTP/1.1
User-Agent: selenium/4.1.2 (java windows)
Content-Length: 22
Content-Type: application/json; charset=utf-8
host: localhost:54181
accept: */*

Response DefaultHttpResponse(decodeResult: success, version: HTTP/1.1)
HTTP/1.1 200 OK
Content-Type: application/json; charset=utf-8
cache-control: no-cache
content-length: 14

15:40:34.867 [AsyncHttpClient-1-2] DEBUG org.asynchttpclient.netty.channel.ChannelManager - Adding key: http://localhost:54181 for channel [id: 0x36268949, L:/127.0.0.1:55979 - R:localhost/127.0.0.1:54181]
15:40:34.872 [Forwarding getCurrentUrl on session 3b383b3e2a649c0d0eda4bb803ba5b50 to remote] DEBUG org.asynchttpclient.netty.request.NettyRequestSender - Using pooled Channel '[id: 0x36268949, L:/127.0.0.1:55979 - R:localhost/127.0.0.1:54181]' for 'GET' to 'http://localhost:54181/session/3b383b3e2a649c0d0eda4bb803ba5b50/url'
15:40:34.872 [Forwarding getCurrentUrl on session 3b383b3e2a649c0d0eda4bb803ba5b50 to remote] DEBUG org.asynchttpclient.netty.request.NettyRequestSender - Using open Channel [id: 0x36268949, L:/127.0.0.1:55979 - R:localhost/127.0.0.1:54181] for GET '/session/3b383b3e2a649c0d0eda4bb803ba5b50/url'
15:40:34.877 [AsyncHttpClient-1-2] DEBUG org.asynchttpclient.netty.handler.HttpHandler - 

Request DefaultFullHttpRequest(decodeResult: success, version: HTTP/1.1, content: EmptyByteBufBE)
GET /session/3b383b3e2a649c0d0eda4bb803ba5b50/url HTTP/1.1
User-Agent: selenium/4.1.2 (java windows)
Cache-Control: no-cache
Content-Type: application/json; charset=utf-8
host: localhost:54181
accept: */*

Response DefaultHttpResponse(decodeResult: success, version: HTTP/1.1)
HTTP/1.1 200 OK
Content-Type: application/json; charset=utf-8
cache-control: no-cache
content-length: 31

15:40:34.877 [AsyncHttpClient-1-2] DEBUG org.asynchttpclient.netty.channel.ChannelManager - Adding key: http://localhost:54181 for channel [id: 0x36268949, L:/127.0.0.1:55979 - R:localhost/127.0.0.1:54181]
15:40:34.884 [Forwarding getCurrentUrl on session 3b383b3e2a649c0d0eda4bb803ba5b50 to remote] DEBUG org.asynchttpclient.netty.request.NettyRequestSender - Using pooled Channel '[id: 0x36268949, L:/127.0.0.1:55979 - R:localhost/127.0.0.1:54181]' for 'GET' to 'http://localhost:54181/session/3b383b3e2a649c0d0eda4bb803ba5b50/url'
15:40:34.884 [Forwarding getCurrentUrl on session 3b383b3e2a649c0d0eda4bb803ba5b50 to remote] DEBUG org.asynchttpclient.netty.request.NettyRequestSender - Using open Channel [id: 0x36268949, L:/127.0.0.1:55979 - R:localhost/127.0.0.1:54181] for GET '/session/3b383b3e2a649c0d0eda4bb803ba5b50/url'
15:40:34.890 [AsyncHttpClient-1-2] DEBUG org.asynchttpclient.netty.handler.HttpHandler - 

Request DefaultFullHttpRequest(decodeResult: success, version: HTTP/1.1, content: EmptyByteBufBE)
GET /session/3b383b3e2a649c0d0eda4bb803ba5b50/url HTTP/1.1
User-Agent: selenium/4.1.2 (java windows)
Cache-Control: no-cache
Content-Type: application/json; charset=utf-8
host: localhost:54181
accept: */*

Response DefaultHttpResponse(decodeResult: success, version: HTTP/1.1)
HTTP/1.1 200 OK
Content-Type: application/json; charset=utf-8
cache-control: no-cache
content-length: 31

15:40:34.890 [AsyncHttpClient-1-2] DEBUG org.asynchttpclient.netty.channel.ChannelManager - Adding key: http://localhost:54181 for channel [id: 0x36268949, L:/127.0.0.1:55979 - R:localhost/127.0.0.1:54181]
15:40:34.912 [main] DEBUG net.serenitybdd.core.photography.Darkroom - Opening darkroom
15:40:34.913 [Darkroom Processing Line] DEBUG net.serenitybdd.core.photography.DarkroomProcessingLine - Darkroom processing line starting up
15:40:34.917 [Forwarding screenshot on session 3b383b3e2a649c0d0eda4bb803ba5b50 to remote] DEBUG org.asynchttpclient.netty.request.NettyRequestSender - Using pooled Channel '[id: 0x36268949, L:/127.0.0.1:55979 - R:localhost/127.0.0.1:54181]' for 'GET' to 'http://localhost:54181/session/3b383b3e2a649c0d0eda4bb803ba5b50/screenshot'
15:40:34.917 [Forwarding screenshot on session 3b383b3e2a649c0d0eda4bb803ba5b50 to remote] DEBUG org.asynchttpclient.netty.request.NettyRequestSender - Using open Channel [id: 0x36268949, L:/127.0.0.1:55979 - R:localhost/127.0.0.1:54181] for GET '/session/3b383b3e2a649c0d0eda4bb803ba5b50/screenshot'
15:40:35.094 [AsyncHttpClient-1-2] DEBUG org.asynchttpclient.netty.handler.HttpHandler - 

Request DefaultFullHttpRequest(decodeResult: success, version: HTTP/1.1, content: EmptyByteBufBE)
GET /session/3b383b3e2a649c0d0eda4bb803ba5b50/screenshot HTTP/1.1
User-Agent: selenium/4.1.2 (java windows)
Cache-Control: no-cache
Content-Type: application/json; charset=utf-8
host: localhost:54181
accept: */*

Response DefaultHttpResponse(decodeResult: success, version: HTTP/1.1)
HTTP/1.1 200 OK
Content-Type: application/json; charset=utf-8
cache-control: no-cache
content-length: 337476

15:40:35.097 [AsyncHttpClient-1-2] DEBUG org.asynchttpclient.netty.channel.ChannelManager - Adding key: http://localhost:54181 for channel [id: 0x36268949, L:/127.0.0.1:55979 - R:localhost/127.0.0.1:54181]
15:40:35.108 [AsyncHttpClient-1-1] DEBUG org.asynchttpclient.netty.channel.DefaultChannelPool - Entry count for : http://localhost:54181 : 1
15:40:35.108 [AsyncHttpClient-1-1] DEBUG org.asynchttpclient.netty.channel.DefaultChannelPool - Entry count for : http://localhost:55981 : 1
15:40:35.181 [main] DEBUG net.serenitybdd.core.photography.Darkroom - Send negative for processing for target\site\serenity\0eb188e035233d59364a4aec4f2cfbb554406e61d72cc6ae9e2e5916a15b5806.png
15:40:35.182 [Darkroom Processing Line] DEBUG net.serenitybdd.core.photography.DarkroomProcessingLine - Processing screenshot image in /var/screenshots/screenshot-5114559600127215549
15:40:35.182 [Darkroom Processing Line] DEBUG net.serenitybdd.core.photography.DarkroomProcessingLine - Saving screenshot to target\site\serenity\0eb188e035233d59364a4aec4f2cfbb554406e61d72cc6ae9e2e5916a15b5806.png
15:40:35.186 [main] DEBUG net.thucydides.core.steps.StepInterceptor - STEP DONE: openUrl
15:40:35.192 [main] DEBUG net.thucydides.core.steps.StepInterceptor - STARTING STEP: LoginSteps.iAmOnTheLoginPage - openBooks
15:40:35.197 [Forwarding findElement on session 3b383b3e2a649c0d0eda4bb803ba5b50 to remote] DEBUG org.asynchttpclient.netty.request.NettyRequestSender - Using pooled Channel '[id: 0x36268949, L:/127.0.0.1:55979 - R:localhost/127.0.0.1:54181]' for 'POST' to 'http://localhost:54181/session/3b383b3e2a649c0d0eda4bb803ba5b50/element'
15:40:35.197 [Forwarding findElement on session 3b383b3e2a649c0d0eda4bb803ba5b50 to remote] DEBUG org.asynchttpclient.netty.request.NettyRequestSender - Using open Channel [id: 0x36268949, L:/127.0.0.1:55979 - R:localhost/127.0.0.1:54181] for POST '/session/3b383b3e2a649c0d0eda4bb803ba5b50/element'
15:40:35.210 [AsyncHttpClient-1-2] DEBUG org.asynchttpclient.netty.handler.HttpHandler - 

Request DefaultHttpRequest(decodeResult: success, version: HTTP/1.1)
POST /session/3b383b3e2a649c0d0eda4bb803ba5b50/element HTTP/1.1
User-Agent: selenium/4.1.2 (java windows)
Content-Length: 73
Content-Type: application/json; charset=utf-8
host: localhost:54181
accept: */*

Response DefaultHttpResponse(decodeResult: success, version: HTTP/1.1)
HTTP/1.1 200 OK
Content-Type: application/json; charset=utf-8
cache-control: no-cache
content-length: 88

15:40:35.210 [AsyncHttpClient-1-2] DEBUG org.asynchttpclient.netty.channel.ChannelManager - Adding key: http://localhost:54181 for channel [id: 0x36268949, L:/127.0.0.1:55979 - R:localhost/127.0.0.1:54181]
15:40:35.214 [Forwarding getElementTagName on session 3b383b3e2a649c0d0eda4bb803ba5b50 to remote] DEBUG org.asynchttpclient.netty.request.NettyRequestSender - Using pooled Channel '[id: 0x36268949, L:/127.0.0.1:55979 - R:localhost/127.0.0.1:54181]' for 'GET' to 'http://localhost:54181/session/3b383b3e2a649c0d0eda4bb803ba5b50/element/5af6bcd0-1445-4d48-9791-c6a3db2a5a02/name'
15:40:35.214 [Forwarding getElementTagName on session 3b383b3e2a649c0d0eda4bb803ba5b50 to remote] DEBUG org.asynchttpclient.netty.request.NettyRequestSender - Using open Channel [id: 0x36268949, L:/127.0.0.1:55979 - R:localhost/127.0.0.1:54181] for GET '/session/3b383b3e2a649c0d0eda4bb803ba5b50/element/5af6bcd0-1445-4d48-9791-c6a3db2a5a02/name'
15:40:35.218 [AsyncHttpClient-1-2] DEBUG org.asynchttpclient.netty.handler.HttpHandler - 

Request DefaultFullHttpRequest(decodeResult: success, version: HTTP/1.1, content: EmptyByteBufBE)
GET /session/3b383b3e2a649c0d0eda4bb803ba5b50/element/5af6bcd0-1445-4d48-9791-c6a3db2a5a02/name HTTP/1.1
User-Agent: selenium/4.1.2 (java windows)
Cache-Control: no-cache
Content-Type: application/json; charset=utf-8
host: localhost:54181
accept: */*

Response DefaultHttpResponse(decodeResult: success, version: HTTP/1.1)
HTTP/1.1 200 OK
Content-Type: application/json; charset=utf-8
cache-control: no-cache
content-length: 15

15:40:35.218 [AsyncHttpClient-1-2] DEBUG org.asynchttpclient.netty.channel.ChannelManager - Adding key: http://localhost:54181 for channel [id: 0x36268949, L:/127.0.0.1:55979 - R:localhost/127.0.0.1:54181]
15:40:35.219 [Forwarding getElementTagName on session 3b383b3e2a649c0d0eda4bb803ba5b50 to remote] DEBUG org.asynchttpclient.netty.request.NettyRequestSender - Using pooled Channel '[id: 0x36268949, L:/127.0.0.1:55979 - R:localhost/127.0.0.1:54181]' for 'GET' to 'http://localhost:54181/session/3b383b3e2a649c0d0eda4bb803ba5b50/element/5af6bcd0-1445-4d48-9791-c6a3db2a5a02/name'
15:40:35.220 [Forwarding getElementTagName on session 3b383b3e2a649c0d0eda4bb803ba5b50 to remote] DEBUG org.asynchttpclient.netty.request.NettyRequestSender - Using open Channel [id: 0x36268949, L:/127.0.0.1:55979 - R:localhost/127.0.0.1:54181] for GET '/session/3b383b3e2a649c0d0eda4bb803ba5b50/element/5af6bcd0-1445-4d48-9791-c6a3db2a5a02/name'
15:40:35.222 [AsyncHttpClient-1-2] DEBUG org.asynchttpclient.netty.handler.HttpHandler - 

Request DefaultFullHttpRequest(decodeResult: success, version: HTTP/1.1, content: EmptyByteBufBE)
GET /session/3b383b3e2a649c0d0eda4bb803ba5b50/element/5af6bcd0-1445-4d48-9791-c6a3db2a5a02/name HTTP/1.1
User-Agent: selenium/4.1.2 (java windows)
Cache-Control: no-cache
Content-Type: application/json; charset=utf-8
host: localhost:54181
accept: */*

Response DefaultHttpResponse(decodeResult: success, version: HTTP/1.1)
HTTP/1.1 200 OK
Content-Type: application/json; charset=utf-8
cache-control: no-cache
content-length: 15

15:40:35.223 [AsyncHttpClient-1-2] DEBUG org.asynchttpclient.netty.channel.ChannelManager - Adding key: http://localhost:54181 for channel [id: 0x36268949, L:/127.0.0.1:55979 - R:localhost/127.0.0.1:54181]
15:40:35.225 [Forwarding findElement on session 3b383b3e2a649c0d0eda4bb803ba5b50 to remote] DEBUG org.asynchttpclient.netty.request.NettyRequestSender - Using pooled Channel '[id: 0x36268949, L:/127.0.0.1:55979 - R:localhost/127.0.0.1:54181]' for 'POST' to 'http://localhost:54181/session/3b383b3e2a649c0d0eda4bb803ba5b50/element'
15:40:35.225 [Forwarding findElement on session 3b383b3e2a649c0d0eda4bb803ba5b50 to remote] DEBUG org.asynchttpclient.netty.request.NettyRequestSender - Using open Channel [id: 0x36268949, L:/127.0.0.1:55979 - R:localhost/127.0.0.1:54181] for POST '/session/3b383b3e2a649c0d0eda4bb803ba5b50/element'
15:40:35.232 [AsyncHttpClient-1-2] DEBUG org.asynchttpclient.netty.handler.HttpHandler - 

Request DefaultHttpRequest(decodeResult: success, version: HTTP/1.1)
POST /session/3b383b3e2a649c0d0eda4bb803ba5b50/element HTTP/1.1
User-Agent: selenium/4.1.2 (java windows)
Content-Length: 73
Content-Type: application/json; charset=utf-8
host: localhost:54181
accept: */*

Response DefaultHttpResponse(decodeResult: success, version: HTTP/1.1)
HTTP/1.1 200 OK
Content-Type: application/json; charset=utf-8
cache-control: no-cache
content-length: 88

15:40:35.233 [AsyncHttpClient-1-2] DEBUG org.asynchttpclient.netty.channel.ChannelManager - Adding key: http://localhost:54181 for channel [id: 0x36268949, L:/127.0.0.1:55979 - R:localhost/127.0.0.1:54181]
15:40:35.234 [Forwarding clickElement on session 3b383b3e2a649c0d0eda4bb803ba5b50 to remote] DEBUG org.asynchttpclient.netty.request.NettyRequestSender - Using pooled Channel '[id: 0x36268949, L:/127.0.0.1:55979 - R:localhost/127.0.0.1:54181]' for 'POST' to 'http://localhost:54181/session/3b383b3e2a649c0d0eda4bb803ba5b50/element/5af6bcd0-1445-4d48-9791-c6a3db2a5a02/click'
15:40:35.234 [Forwarding clickElement on session 3b383b3e2a649c0d0eda4bb803ba5b50 to remote] DEBUG org.asynchttpclient.netty.request.NettyRequestSender - Using open Channel [id: 0x36268949, L:/127.0.0.1:55979 - R:localhost/127.0.0.1:54181] for POST '/session/3b383b3e2a649c0d0eda4bb803ba5b50/element/5af6bcd0-1445-4d48-9791-c6a3db2a5a02/click'
15:40:35.350 [AsyncHttpClient-1-2] DEBUG org.asynchttpclient.netty.handler.HttpHandler - 

Request DefaultHttpRequest(decodeResult: success, version: HTTP/1.1)
POST /session/3b383b3e2a649c0d0eda4bb803ba5b50/element/5af6bcd0-1445-4d48-9791-c6a3db2a5a02/click HTTP/1.1
User-Agent: selenium/4.1.2 (java windows)
Content-Length: 50
Content-Type: application/json; charset=utf-8
host: localhost:54181
accept: */*

Response DefaultHttpResponse(decodeResult: success, version: HTTP/1.1)
HTTP/1.1 200 OK
Content-Type: application/json; charset=utf-8
cache-control: no-cache
content-length: 14

15:40:35.350 [AsyncHttpClient-1-2] DEBUG org.asynchttpclient.netty.channel.ChannelManager - Adding key: http://localhost:54181 for channel [id: 0x36268949, L:/127.0.0.1:55979 - R:localhost/127.0.0.1:54181]
15:40:35.362 [Forwarding screenshot on session 3b383b3e2a649c0d0eda4bb803ba5b50 to remote] DEBUG org.asynchttpclient.netty.request.NettyRequestSender - Using pooled Channel '[id: 0x36268949, L:/127.0.0.1:55979 - R:localhost/127.0.0.1:54181]' for 'GET' to 'http://localhost:54181/session/3b383b3e2a649c0d0eda4bb803ba5b50/screenshot'
15:40:35.362 [Forwarding screenshot on session 3b383b3e2a649c0d0eda4bb803ba5b50 to remote] DEBUG org.asynchttpclient.netty.request.NettyRequestSender - Using open Channel [id: 0x36268949, L:/127.0.0.1:55979 - R:localhost/127.0.0.1:54181] for GET '/session/3b383b3e2a649c0d0eda4bb803ba5b50/screenshot'
15:40:35.623 [AsyncHttpClient-1-2] DEBUG org.asynchttpclient.netty.handler.HttpHandler - 

Request DefaultFullHttpRequest(decodeResult: success, version: HTTP/1.1, content: EmptyByteBufBE)
GET /session/3b383b3e2a649c0d0eda4bb803ba5b50/screenshot HTTP/1.1
User-Agent: selenium/4.1.2 (java windows)
Cache-Control: no-cache
Content-Type: application/json; charset=utf-8
host: localhost:54181
accept: */*

Response DefaultHttpResponse(decodeResult: success, version: HTTP/1.1)
HTTP/1.1 200 OK
Content-Type: application/json; charset=utf-8
cache-control: no-cache
content-length: 232244

15:40:35.627 [AsyncHttpClient-1-2] DEBUG org.asynchttpclient.netty.channel.ChannelManager - Adding key: http://localhost:54181 for channel [id: 0x36268949, L:/127.0.0.1:55979 - R:localhost/127.0.0.1:54181]
15:40:35.644 [main] DEBUG net.serenitybdd.core.photography.Darkroom - Send negative for processing for target\site\serenity\9bac1f97badcb951ed2c4bfe10956736338d2f033db44361ab6859d1d5258288.png
15:40:35.645 [Darkroom Processing Line] DEBUG net.serenitybdd.core.photography.DarkroomProcessingLine - Processing screenshot image in /var/screenshots/screenshot-5079033320921435438
15:40:35.646 [main] DEBUG net.thucydides.core.steps.StepInterceptor - STEP DONE: openBooks
15:40:35.646 [Darkroom Processing Line] DEBUG net.serenitybdd.core.photography.DarkroomProcessingLine - Saving screenshot to target\site\serenity\9bac1f97badcb951ed2c4bfe10956736338d2f033db44361ab6859d1d5258288.png
15:40:35.661 [main] DEBUG net.thucydides.core.steps.StepInterceptor - STARTING STEP: LoginSteps.iAmOnTheLoginPage - clickLoginButton
15:40:35.670 [Forwarding findElement on session 3b383b3e2a649c0d0eda4bb803ba5b50 to remote] DEBUG org.asynchttpclient.netty.request.NettyRequestSender - Using pooled Channel '[id: 0x36268949, L:/127.0.0.1:55979 - R:localhost/127.0.0.1:54181]' for 'POST' to 'http://localhost:54181/session/3b383b3e2a649c0d0eda4bb803ba5b50/element'
15:40:35.671 [Forwarding findElement on session 3b383b3e2a649c0d0eda4bb803ba5b50 to remote] DEBUG org.asynchttpclient.netty.request.NettyRequestSender - Using open Channel [id: 0x36268949, L:/127.0.0.1:55979 - R:localhost/127.0.0.1:54181] for POST '/session/3b383b3e2a649c0d0eda4bb803ba5b50/element'
15:40:35.693 [AsyncHttpClient-1-2] DEBUG org.asynchttpclient.netty.handler.HttpHandler - 

Request DefaultHttpRequest(decodeResult: success, version: HTTP/1.1)
POST /session/3b383b3e2a649c0d0eda4bb803ba5b50/element HTTP/1.1
User-Agent: selenium/4.1.2 (java windows)
Content-Length: 50
Content-Type: application/json; charset=utf-8
host: localhost:54181
accept: */*

Response DefaultHttpResponse(decodeResult: success, version: HTTP/1.1)
HTTP/1.1 200 OK
Content-Type: application/json; charset=utf-8
cache-control: no-cache
content-length: 88

15:40:35.694 [AsyncHttpClient-1-2] DEBUG org.asynchttpclient.netty.channel.ChannelManager - Adding key: http://localhost:54181 for channel [id: 0x36268949, L:/127.0.0.1:55979 - R:localhost/127.0.0.1:54181]
15:40:35.698 [Forwarding getElementTagName on session 3b383b3e2a649c0d0eda4bb803ba5b50 to remote] DEBUG org.asynchttpclient.netty.request.NettyRequestSender - Using pooled Channel '[id: 0x36268949, L:/127.0.0.1:55979 - R:localhost/127.0.0.1:54181]' for 'GET' to 'http://localhost:54181/session/3b383b3e2a649c0d0eda4bb803ba5b50/element/3ccb3cd8-9369-429f-b5f5-9c6875d51a08/name'
15:40:35.698 [Forwarding getElementTagName on session 3b383b3e2a649c0d0eda4bb803ba5b50 to remote] DEBUG org.asynchttpclient.netty.request.NettyRequestSender - Using open Channel [id: 0x36268949, L:/127.0.0.1:55979 - R:localhost/127.0.0.1:54181] for GET '/session/3b383b3e2a649c0d0eda4bb803ba5b50/element/3ccb3cd8-9369-429f-b5f5-9c6875d51a08/name'
15:40:35.702 [AsyncHttpClient-1-2] DEBUG org.asynchttpclient.netty.handler.HttpHandler - 

Request DefaultFullHttpRequest(decodeResult: success, version: HTTP/1.1, content: EmptyByteBufBE)
GET /session/3b383b3e2a649c0d0eda4bb803ba5b50/element/3ccb3cd8-9369-429f-b5f5-9c6875d51a08/name HTTP/1.1
User-Agent: selenium/4.1.2 (java windows)
Cache-Control: no-cache
Content-Type: application/json; charset=utf-8
host: localhost:54181
accept: */*

Response DefaultHttpResponse(decodeResult: success, version: HTTP/1.1)
HTTP/1.1 200 OK
Content-Type: application/json; charset=utf-8
cache-control: no-cache
content-length: 18

15:40:35.703 [AsyncHttpClient-1-2] DEBUG org.asynchttpclient.netty.channel.ChannelManager - Adding key: http://localhost:54181 for channel [id: 0x36268949, L:/127.0.0.1:55979 - R:localhost/127.0.0.1:54181]
15:40:35.705 [Forwarding getElementTagName on session 3b383b3e2a649c0d0eda4bb803ba5b50 to remote] DEBUG org.asynchttpclient.netty.request.NettyRequestSender - Using pooled Channel '[id: 0x36268949, L:/127.0.0.1:55979 - R:localhost/127.0.0.1:54181]' for 'GET' to 'http://localhost:54181/session/3b383b3e2a649c0d0eda4bb803ba5b50/element/3ccb3cd8-9369-429f-b5f5-9c6875d51a08/name'
15:40:35.705 [Forwarding getElementTagName on session 3b383b3e2a649c0d0eda4bb803ba5b50 to remote] DEBUG org.asynchttpclient.netty.request.NettyRequestSender - Using open Channel [id: 0x36268949, L:/127.0.0.1:55979 - R:localhost/127.0.0.1:54181] for GET '/session/3b383b3e2a649c0d0eda4bb803ba5b50/element/3ccb3cd8-9369-429f-b5f5-9c6875d51a08/name'
15:40:35.709 [AsyncHttpClient-1-2] DEBUG org.asynchttpclient.netty.handler.HttpHandler - 

Request DefaultFullHttpRequest(decodeResult: success, version: HTTP/1.1, content: EmptyByteBufBE)
GET /session/3b383b3e2a649c0d0eda4bb803ba5b50/element/3ccb3cd8-9369-429f-b5f5-9c6875d51a08/name HTTP/1.1
User-Agent: selenium/4.1.2 (java windows)
Cache-Control: no-cache
Content-Type: application/json; charset=utf-8
host: localhost:54181
accept: */*

Response DefaultHttpResponse(decodeResult: success, version: HTTP/1.1)
HTTP/1.1 200 OK
Content-Type: application/json; charset=utf-8
cache-control: no-cache
content-length: 18

15:40:35.709 [AsyncHttpClient-1-2] DEBUG org.asynchttpclient.netty.channel.ChannelManager - Adding key: http://localhost:54181 for channel [id: 0x36268949, L:/127.0.0.1:55979 - R:localhost/127.0.0.1:54181]
15:40:35.716 [Forwarding isElementEnabled on session 3b383b3e2a649c0d0eda4bb803ba5b50 to remote] DEBUG org.asynchttpclient.netty.request.NettyRequestSender - Using pooled Channel '[id: 0x36268949, L:/127.0.0.1:55979 - R:localhost/127.0.0.1:54181]' for 'GET' to 'http://localhost:54181/session/3b383b3e2a649c0d0eda4bb803ba5b50/element/3ccb3cd8-9369-429f-b5f5-9c6875d51a08/enabled'
15:40:35.716 [Forwarding isElementEnabled on session 3b383b3e2a649c0d0eda4bb803ba5b50 to remote] DEBUG org.asynchttpclient.netty.request.NettyRequestSender - Using open Channel [id: 0x36268949, L:/127.0.0.1:55979 - R:localhost/127.0.0.1:54181] for GET '/session/3b383b3e2a649c0d0eda4bb803ba5b50/element/3ccb3cd8-9369-429f-b5f5-9c6875d51a08/enabled'
15:40:35.727 [AsyncHttpClient-1-2] DEBUG org.asynchttpclient.netty.handler.HttpHandler - 

Request DefaultFullHttpRequest(decodeResult: success, version: HTTP/1.1, content: EmptyByteBufBE)
GET /session/3b383b3e2a649c0d0eda4bb803ba5b50/element/3ccb3cd8-9369-429f-b5f5-9c6875d51a08/enabled HTTP/1.1
User-Agent: selenium/4.1.2 (java windows)
Cache-Control: no-cache
Content-Type: application/json; charset=utf-8
host: localhost:54181
accept: */*

Response DefaultHttpResponse(decodeResult: success, version: HTTP/1.1)
HTTP/1.1 200 OK
Content-Type: application/json; charset=utf-8
cache-control: no-cache
content-length: 14

15:40:35.728 [AsyncHttpClient-1-2] DEBUG org.asynchttpclient.netty.channel.ChannelManager - Adding key: http://localhost:54181 for channel [id: 0x36268949, L:/127.0.0.1:55979 - R:localhost/127.0.0.1:54181]
15:40:35.732 [Forwarding isElementEnabled on session 3b383b3e2a649c0d0eda4bb803ba5b50 to remote] DEBUG org.asynchttpclient.netty.request.NettyRequestSender - Using pooled Channel '[id: 0x36268949, L:/127.0.0.1:55979 - R:localhost/127.0.0.1:54181]' for 'GET' to 'http://localhost:54181/session/3b383b3e2a649c0d0eda4bb803ba5b50/element/3ccb3cd8-9369-429f-b5f5-9c6875d51a08/enabled'
15:40:35.732 [Forwarding isElementEnabled on session 3b383b3e2a649c0d0eda4bb803ba5b50 to remote] DEBUG org.asynchttpclient.netty.request.NettyRequestSender - Using open Channel [id: 0x36268949, L:/127.0.0.1:55979 - R:localhost/127.0.0.1:54181] for GET '/session/3b383b3e2a649c0d0eda4bb803ba5b50/element/3ccb3cd8-9369-429f-b5f5-9c6875d51a08/enabled'
15:40:35.741 [AsyncHttpClient-1-2] DEBUG org.asynchttpclient.netty.handler.HttpHandler - 

Request DefaultFullHttpRequest(decodeResult: success, version: HTTP/1.1, content: EmptyByteBufBE)
GET /session/3b383b3e2a649c0d0eda4bb803ba5b50/element/3ccb3cd8-9369-429f-b5f5-9c6875d51a08/enabled HTTP/1.1
User-Agent: selenium/4.1.2 (java windows)
Cache-Control: no-cache
Content-Type: application/json; charset=utf-8
host: localhost:54181
accept: */*

Response DefaultHttpResponse(decodeResult: success, version: HTTP/1.1)
HTTP/1.1 200 OK
Content-Type: application/json; charset=utf-8
cache-control: no-cache
content-length: 14

15:40:35.741 [AsyncHttpClient-1-2] DEBUG org.asynchttpclient.netty.channel.ChannelManager - Adding key: http://localhost:54181 for channel [id: 0x36268949, L:/127.0.0.1:55979 - R:localhost/127.0.0.1:54181]
15:40:35.743 [Forwarding findElement on session 3b383b3e2a649c0d0eda4bb803ba5b50 to remote] DEBUG org.asynchttpclient.netty.request.NettyRequestSender - Using pooled Channel '[id: 0x36268949, L:/127.0.0.1:55979 - R:localhost/127.0.0.1:54181]' for 'POST' to 'http://localhost:54181/session/3b383b3e2a649c0d0eda4bb803ba5b50/element'
15:40:35.743 [Forwarding findElement on session 3b383b3e2a649c0d0eda4bb803ba5b50 to remote] DEBUG org.asynchttpclient.netty.request.NettyRequestSender - Using open Channel [id: 0x36268949, L:/127.0.0.1:55979 - R:localhost/127.0.0.1:54181] for POST '/session/3b383b3e2a649c0d0eda4bb803ba5b50/element'
15:40:35.749 [AsyncHttpClient-1-2] DEBUG org.asynchttpclient.netty.handler.HttpHandler - 

Request DefaultHttpRequest(decodeResult: success, version: HTTP/1.1)
POST /session/3b383b3e2a649c0d0eda4bb803ba5b50/element HTTP/1.1
User-Agent: selenium/4.1.2 (java windows)
Content-Length: 50
Content-Type: application/json; charset=utf-8
host: localhost:54181
accept: */*

Response DefaultHttpResponse(decodeResult: success, version: HTTP/1.1)
HTTP/1.1 200 OK
Content-Type: application/json; charset=utf-8
cache-control: no-cache
content-length: 88

15:40:35.749 [AsyncHttpClient-1-2] DEBUG org.asynchttpclient.netty.channel.ChannelManager - Adding key: http://localhost:54181 for channel [id: 0x36268949, L:/127.0.0.1:55979 - R:localhost/127.0.0.1:54181]
15:40:35.751 [Forwarding clickElement on session 3b383b3e2a649c0d0eda4bb803ba5b50 to remote] DEBUG org.asynchttpclient.netty.request.NettyRequestSender - Using pooled Channel '[id: 0x36268949, L:/127.0.0.1:55979 - R:localhost/127.0.0.1:54181]' for 'POST' to 'http://localhost:54181/session/3b383b3e2a649c0d0eda4bb803ba5b50/element/3ccb3cd8-9369-429f-b5f5-9c6875d51a08/click'
15:40:35.752 [Forwarding clickElement on session 3b383b3e2a649c0d0eda4bb803ba5b50 to remote] DEBUG org.asynchttpclient.netty.request.NettyRequestSender - Using open Channel [id: 0x36268949, L:/127.0.0.1:55979 - R:localhost/127.0.0.1:54181] for POST '/session/3b383b3e2a649c0d0eda4bb803ba5b50/element/3ccb3cd8-9369-429f-b5f5-9c6875d51a08/click'
15:40:35.802 [AsyncHttpClient-1-2] DEBUG org.asynchttpclient.netty.handler.HttpHandler - 

Request DefaultHttpRequest(decodeResult: success, version: HTTP/1.1)
POST /session/3b383b3e2a649c0d0eda4bb803ba5b50/element/3ccb3cd8-9369-429f-b5f5-9c6875d51a08/click HTTP/1.1
User-Agent: selenium/4.1.2 (java windows)
Content-Length: 50
Content-Type: application/json; charset=utf-8
host: localhost:54181
accept: */*

Response DefaultHttpResponse(decodeResult: success, version: HTTP/1.1)
HTTP/1.1 200 OK
Content-Type: application/json; charset=utf-8
cache-control: no-cache
content-length: 14

15:40:35.803 [AsyncHttpClient-1-2] DEBUG org.asynchttpclient.netty.channel.ChannelManager - Adding key: http://localhost:54181 for channel [id: 0x36268949, L:/127.0.0.1:55979 - R:localhost/127.0.0.1:54181]
15:40:35.811 [Forwarding screenshot on session 3b383b3e2a649c0d0eda4bb803ba5b50 to remote] DEBUG org.asynchttpclient.netty.request.NettyRequestSender - Using pooled Channel '[id: 0x36268949, L:/127.0.0.1:55979 - R:localhost/127.0.0.1:54181]' for 'GET' to 'http://localhost:54181/session/3b383b3e2a649c0d0eda4bb803ba5b50/screenshot'
15:40:35.812 [Forwarding screenshot on session 3b383b3e2a649c0d0eda4bb803ba5b50 to remote] DEBUG org.asynchttpclient.netty.request.NettyRequestSender - Using open Channel [id: 0x36268949, L:/127.0.0.1:55979 - R:localhost/127.0.0.1:54181] for GET '/session/3b383b3e2a649c0d0eda4bb803ba5b50/screenshot'
15:40:36.014 [AsyncHttpClient-1-2] DEBUG org.asynchttpclient.netty.handler.HttpHandler - 

Request DefaultFullHttpRequest(decodeResult: success, version: HTTP/1.1, content: EmptyByteBufBE)
GET /session/3b383b3e2a649c0d0eda4bb803ba5b50/screenshot HTTP/1.1
User-Agent: selenium/4.1.2 (java windows)
Cache-Control: no-cache
Content-Type: application/json; charset=utf-8
host: localhost:54181
accept: */*

Response DefaultHttpResponse(decodeResult: success, version: HTTP/1.1)
HTTP/1.1 200 OK
Content-Type: application/json; charset=utf-8
cache-control: no-cache
content-length: 316720

15:40:36.016 [AsyncHttpClient-1-2] DEBUG org.asynchttpclient.netty.channel.ChannelManager - Adding key: http://localhost:54181 for channel [id: 0x36268949, L:/127.0.0.1:55979 - R:localhost/127.0.0.1:54181]
15:40:36.025 [main] DEBUG net.serenitybdd.core.photography.Darkroom - Send negative for processing for target\site\serenity\9c1fd068fb2728156843d57e724d558b30ebde650f971f604319c4e48a75408e.png
15:40:36.026 [main] DEBUG net.thucydides.core.steps.StepInterceptor - STEP DONE: clickLoginButton
15:40:36.026 [Darkroom Processing Line] DEBUG net.serenitybdd.core.photography.DarkroomProcessingLine - Processing screenshot image in /var/screenshots/screenshot-6941876222749410117
15:40:36.026 [Darkroom Processing Line] DEBUG net.serenitybdd.core.photography.DarkroomProcessingLine - Saving screenshot to target\site\serenity\9c1fd068fb2728156843d57e724d558b30ebde650f971f604319c4e48a75408e.png
15:40:36.032 [main] DEBUG net.thucydides.core.steps.StepInterceptor - STARTING STEP: LoginSteps.iAmOnTheLoginPage - validateOnLoginPage
15:40:36.033 [Forwarding findElement on session 3b383b3e2a649c0d0eda4bb803ba5b50 to remote] DEBUG org.asynchttpclient.netty.request.NettyRequestSender - Using pooled Channel '[id: 0x36268949, L:/127.0.0.1:55979 - R:localhost/127.0.0.1:54181]' for 'POST' to 'http://localhost:54181/session/3b383b3e2a649c0d0eda4bb803ba5b50/element'
15:40:36.033 [Forwarding findElement on session 3b383b3e2a649c0d0eda4bb803ba5b50 to remote] DEBUG org.asynchttpclient.netty.request.NettyRequestSender - Using open Channel [id: 0x36268949, L:/127.0.0.1:55979 - R:localhost/127.0.0.1:54181] for POST '/session/3b383b3e2a649c0d0eda4bb803ba5b50/element'
15:40:36.039 [AsyncHttpClient-1-2] DEBUG org.asynchttpclient.netty.handler.HttpHandler - 

Request DefaultHttpRequest(decodeResult: success, version: HTTP/1.1)
POST /session/3b383b3e2a649c0d0eda4bb803ba5b50/element HTTP/1.1
User-Agent: selenium/4.1.2 (java windows)
Content-Length: 50
Content-Type: application/json; charset=utf-8
host: localhost:54181
accept: */*

Response DefaultHttpResponse(decodeResult: success, version: HTTP/1.1)
HTTP/1.1 200 OK
Content-Type: application/json; charset=utf-8
cache-control: no-cache
content-length: 88

15:40:36.040 [AsyncHttpClient-1-2] DEBUG org.asynchttpclient.netty.channel.ChannelManager - Adding key: http://localhost:54181 for channel [id: 0x36268949, L:/127.0.0.1:55979 - R:localhost/127.0.0.1:54181]
15:40:36.056 [Forwarding isElementDisplayed on session 3b383b3e2a649c0d0eda4bb803ba5b50 to remote] DEBUG org.asynchttpclient.netty.request.NettyRequestSender - Using pooled Channel '[id: 0x36268949, L:/127.0.0.1:55979 - R:localhost/127.0.0.1:54181]' for 'POST' to 'http://localhost:54181/session/3b383b3e2a649c0d0eda4bb803ba5b50/execute/sync'
15:40:36.056 [Forwarding isElementDisplayed on session 3b383b3e2a649c0d0eda4bb803ba5b50 to remote] DEBUG org.asynchttpclient.netty.request.NettyRequestSender - Using open Channel [id: 0x36268949, L:/127.0.0.1:55979 - R:localhost/127.0.0.1:54181] for POST '/session/3b383b3e2a649c0d0eda4bb803ba5b50/execute/sync'
15:40:36.068 [AsyncHttpClient-1-2] DEBUG org.asynchttpclient.netty.handler.HttpHandler - 

Request DefaultHttpRequest(decodeResult: success, version: HTTP/1.1)
POST /session/3b383b3e2a649c0d0eda4bb803ba5b50/execute/sync HTTP/1.1
User-Agent: selenium/4.1.2 (java windows)
Content-Length: 48780
Content-Type: application/json; charset=utf-8
host: localhost:54181
accept: */*

Response DefaultHttpResponse(decodeResult: success, version: HTTP/1.1)
HTTP/1.1 200 OK
Content-Type: application/json; charset=utf-8
cache-control: no-cache
content-length: 14

15:40:36.068 [AsyncHttpClient-1-2] DEBUG org.asynchttpclient.netty.channel.ChannelManager - Adding key: http://localhost:54181 for channel [id: 0x36268949, L:/127.0.0.1:55979 - R:localhost/127.0.0.1:54181]
15:40:36.073 [main] DEBUG net.thucydides.core.steps.StepInterceptor - STEP DONE: validateOnLoginPage
  &amp#27;[32mGiven &amp#27;[0m&amp#27;[32mI am on the login page&amp#27;[0m                            &amp#27;[90m# starter.stepdefinitions.LoginSteps.iAmOnTheLoginPage()&amp#27;[0m
15:40:36.083 [Forwarding screenshot on session 3b383b3e2a649c0d0eda4bb803ba5b50 to remote] DEBUG org.asynchttpclient.netty.request.NettyRequestSender - Using pooled Channel '[id: 0x36268949, L:/127.0.0.1:55979 - R:localhost/127.0.0.1:54181]' for 'GET' to 'http://localhost:54181/session/3b383b3e2a649c0d0eda4bb803ba5b50/screenshot'
15:40:36.083 [Forwarding screenshot on session 3b383b3e2a649c0d0eda4bb803ba5b50 to remote] DEBUG org.asynchttpclient.netty.request.NettyRequestSender - Using open Channel [id: 0x36268949, L:/127.0.0.1:55979 - R:localhost/127.0.0.1:54181] for GET '/session/3b383b3e2a649c0d0eda4bb803ba5b50/screenshot'
15:40:36.203 [AsyncHttpClient-1-1] DEBUG org.asynchttpclient.netty.channel.DefaultChannelPool - Entry count for : http://localhost:55981 : 1
15:40:36.249 [AsyncHttpClient-1-2] DEBUG org.asynchttpclient.netty.handler.HttpHandler - 

Request DefaultFullHttpRequest(decodeResult: success, version: HTTP/1.1, content: EmptyByteBufBE)
GET /session/3b383b3e2a649c0d0eda4bb803ba5b50/screenshot HTTP/1.1
User-Agent: selenium/4.1.2 (java windows)
Cache-Control: no-cache
Content-Type: application/json; charset=utf-8
host: localhost:54181
accept: */*

Response DefaultHttpResponse(decodeResult: success, version: HTTP/1.1)
HTTP/1.1 200 OK
Content-Type: application/json; charset=utf-8
cache-control: no-cache
content-length: 316720

15:40:36.250 [AsyncHttpClient-1-2] DEBUG org.asynchttpclient.netty.channel.ChannelManager - Adding key: http://localhost:54181 for channel [id: 0x36268949, L:/127.0.0.1:55979 - R:localhost/127.0.0.1:54181]
15:40:36.260 [main] DEBUG net.serenitybdd.core.photography.Darkroom - Send negative for processing for target\site\serenity\9c1fd068fb2728156843d57e724d558b30ebde650f971f604319c4e48a75408e.png
15:40:36.271 [main] DEBUG net.thucydides.core.steps.StepInterceptor - STARTING STEP: LoginSteps.iInputValidUsername - inputUsername
15:40:36.274 [Forwarding findElement on session 3b383b3e2a649c0d0eda4bb803ba5b50 to remote] DEBUG org.asynchttpclient.netty.request.NettyRequestSender - Using pooled Channel '[id: 0x36268949, L:/127.0.0.1:55979 - R:localhost/127.0.0.1:54181]' for 'POST' to 'http://localhost:54181/session/3b383b3e2a649c0d0eda4bb803ba5b50/element'
15:40:36.274 [Forwarding findElement on session 3b383b3e2a649c0d0eda4bb803ba5b50 to remote] DEBUG org.asynchttpclient.netty.request.NettyRequestSender - Using open Channel [id: 0x36268949, L:/127.0.0.1:55979 - R:localhost/127.0.0.1:54181] for POST '/session/3b383b3e2a649c0d0eda4bb803ba5b50/element'
15:40:36.285 [AsyncHttpClient-1-2] DEBUG org.asynchttpclient.netty.handler.HttpHandler - 

Request DefaultHttpRequest(decodeResult: success, version: HTTP/1.1)
POST /session/3b383b3e2a649c0d0eda4bb803ba5b50/element HTTP/1.1
User-Agent: selenium/4.1.2 (java windows)
Content-Length: 53
Content-Type: application/json; charset=utf-8
host: localhost:54181
accept: */*

Response DefaultHttpResponse(decodeResult: success, version: HTTP/1.1)
HTTP/1.1 200 OK
Content-Type: application/json; charset=utf-8
cache-control: no-cache
content-length: 88

15:40:36.285 [AsyncHttpClient-1-2] DEBUG org.asynchttpclient.netty.channel.ChannelManager - Adding key: http://localhost:54181 for channel [id: 0x36268949, L:/127.0.0.1:55979 - R:localhost/127.0.0.1:54181]
15:40:36.286 [Forwarding clearElement on session 3b383b3e2a649c0d0eda4bb803ba5b50 to remote] DEBUG org.asynchttpclient.netty.request.NettyRequestSender - Using pooled Channel '[id: 0x36268949, L:/127.0.0.1:55979 - R:localhost/127.0.0.1:54181]' for 'POST' to 'http://localhost:54181/session/3b383b3e2a649c0d0eda4bb803ba5b50/element/2cd43258-9c64-4eb7-b649-4e576c4a7e28/clear'
15:40:36.286 [Forwarding clearElement on session 3b383b3e2a649c0d0eda4bb803ba5b50 to remote] DEBUG org.asynchttpclient.netty.request.NettyRequestSender - Using open Channel [id: 0x36268949, L:/127.0.0.1:55979 - R:localhost/127.0.0.1:54181] for POST '/session/3b383b3e2a649c0d0eda4bb803ba5b50/element/2cd43258-9c64-4eb7-b649-4e576c4a7e28/clear'
15:40:36.315 [AsyncHttpClient-1-2] DEBUG org.asynchttpclient.netty.handler.HttpHandler - 

Request DefaultHttpRequest(decodeResult: success, version: HTTP/1.1)
POST /session/3b383b3e2a649c0d0eda4bb803ba5b50/element/2cd43258-9c64-4eb7-b649-4e576c4a7e28/clear HTTP/1.1
User-Agent: selenium/4.1.2 (java windows)
Content-Length: 50
Content-Type: application/json; charset=utf-8
host: localhost:54181
accept: */*

Response DefaultHttpResponse(decodeResult: success, version: HTTP/1.1)
HTTP/1.1 200 OK
Content-Type: application/json; charset=utf-8
cache-control: no-cache
content-length: 14

15:40:36.316 [AsyncHttpClient-1-2] DEBUG org.asynchttpclient.netty.channel.ChannelManager - Adding key: http://localhost:54181 for channel [id: 0x36268949, L:/127.0.0.1:55979 - R:localhost/127.0.0.1:54181]
15:40:36.319 [Forwarding sendKeysToElement on session 3b383b3e2a649c0d0eda4bb803ba5b50 to remote] DEBUG org.asynchttpclient.netty.request.NettyRequestSender - Using pooled Channel '[id: 0x36268949, L:/127.0.0.1:55979 - R:localhost/127.0.0.1:54181]' for 'POST' to 'http://localhost:54181/session/3b383b3e2a649c0d0eda4bb803ba5b50/element/2cd43258-9c64-4eb7-b649-4e576c4a7e28/value'
15:40:36.319 [Forwarding sendKeysToElement on session 3b383b3e2a649c0d0eda4bb803ba5b50 to remote] DEBUG org.asynchttpclient.netty.request.NettyRequestSender - Using open Channel [id: 0x36268949, L:/127.0.0.1:55979 - R:localhost/127.0.0.1:54181] for POST '/session/3b383b3e2a649c0d0eda4bb803ba5b50/element/2cd43258-9c64-4eb7-b649-4e576c4a7e28/value'
15:40:36.389 [AsyncHttpClient-1-2] DEBUG org.asynchttpclient.netty.handler.HttpHandler - 

Request DefaultHttpRequest(decodeResult: success, version: HTTP/1.1)
POST /session/3b383b3e2a649c0d0eda4bb803ba5b50/element/2cd43258-9c64-4eb7-b649-4e576c4a7e28/value HTTP/1.1
User-Agent: selenium/4.1.2 (java windows)
Content-Length: 221
Content-Type: application/json; charset=utf-8
host: localhost:54181
accept: */*

Response DefaultHttpResponse(decodeResult: success, version: HTTP/1.1)
HTTP/1.1 200 OK
Content-Type: application/json; charset=utf-8
cache-control: no-cache
content-length: 14

15:40:36.389 [AsyncHttpClient-1-2] DEBUG org.asynchttpclient.netty.channel.ChannelManager - Adding key: http://localhost:54181 for channel [id: 0x36268949, L:/127.0.0.1:55979 - R:localhost/127.0.0.1:54181]
15:40:36.395 [Forwarding screenshot on session 3b383b3e2a649c0d0eda4bb803ba5b50 to remote] DEBUG org.asynchttpclient.netty.request.NettyRequestSender - Using pooled Channel '[id: 0x36268949, L:/127.0.0.1:55979 - R:localhost/127.0.0.1:54181]' for 'GET' to 'http://localhost:54181/session/3b383b3e2a649c0d0eda4bb803ba5b50/screenshot'
15:40:36.396 [Forwarding screenshot on session 3b383b3e2a649c0d0eda4bb803ba5b50 to remote] DEBUG org.asynchttpclient.netty.request.NettyRequestSender - Using open Channel [id: 0x36268949, L:/127.0.0.1:55979 - R:localhost/127.0.0.1:54181] for GET '/session/3b383b3e2a649c0d0eda4bb803ba5b50/screenshot'
15:40:36.593 [AsyncHttpClient-1-2] DEBUG org.asynchttpclient.netty.handler.HttpHandler - 

Request DefaultFullHttpRequest(decodeResult: success, version: HTTP/1.1, content: EmptyByteBufBE)
GET /session/3b383b3e2a649c0d0eda4bb803ba5b50/screenshot HTTP/1.1
User-Agent: selenium/4.1.2 (java windows)
Cache-Control: no-cache
Content-Type: application/json; charset=utf-8
host: localhost:54181
accept: */*

Response DefaultHttpResponse(decodeResult: success, version: HTTP/1.1)
HTTP/1.1 200 OK
Content-Type: application/json; charset=utf-8
cache-control: no-cache
content-length: 317608

15:40:36.595 [AsyncHttpClient-1-2] DEBUG org.asynchttpclient.netty.channel.ChannelManager - Adding key: http://localhost:54181 for channel [id: 0x36268949, L:/127.0.0.1:55979 - R:localhost/127.0.0.1:54181]
15:40:36.604 [main] DEBUG net.serenitybdd.core.photography.Darkroom - Send negative for processing for target\site\serenity\b3e94e34cd1b4fa9aadb77d96cc1504dd7f296a7837332ad0a416f865a51e739.png
15:40:36.605 [main] DEBUG net.thucydides.core.steps.StepInterceptor - STEP DONE: inputUsername
15:40:36.605 [Darkroom Processing Line] DEBUG net.serenitybdd.core.photography.DarkroomProcessingLine - Processing screenshot image in /var/screenshots/screenshot-4830239246045120122
15:40:36.605 [Darkroom Processing Line] DEBUG net.serenitybdd.core.photography.DarkroomProcessingLine - Saving screenshot to target\site\serenity\b3e94e34cd1b4fa9aadb77d96cc1504dd7f296a7837332ad0a416f865a51e739.png
  &amp#27;[32mWhen &amp#27;[0m&amp#27;[32mI input valid username&amp#27;[0m                             &amp#27;[90m# starter.stepdefinitions.LoginSteps.iInputValidUsername()&amp#27;[0m
15:40:36.621 [main] DEBUG net.thucydides.core.steps.StepInterceptor - STARTING STEP: LoginSteps.iInputValidPassword - inputPassword
15:40:36.625 [Forwarding findElement on session 3b383b3e2a649c0d0eda4bb803ba5b50 to remote] DEBUG org.asynchttpclient.netty.request.NettyRequestSender - Using pooled Channel '[id: 0x36268949, L:/127.0.0.1:55979 - R:localhost/127.0.0.1:54181]' for 'POST' to 'http://localhost:54181/session/3b383b3e2a649c0d0eda4bb803ba5b50/element'
15:40:36.625 [Forwarding findElement on session 3b383b3e2a649c0d0eda4bb803ba5b50 to remote] DEBUG org.asynchttpclient.netty.request.NettyRequestSender - Using open Channel [id: 0x36268949, L:/127.0.0.1:55979 - R:localhost/127.0.0.1:54181] for POST '/session/3b383b3e2a649c0d0eda4bb803ba5b50/element'
15:40:36.637 [AsyncHttpClient-1-2] DEBUG org.asynchttpclient.netty.handler.HttpHandler - 

Request DefaultHttpRequest(decodeResult: success, version: HTTP/1.1)
POST /session/3b383b3e2a649c0d0eda4bb803ba5b50/element HTTP/1.1
User-Agent: selenium/4.1.2 (java windows)
Content-Length: 53
Content-Type: application/json; charset=utf-8
host: localhost:54181
accept: */*

Response DefaultHttpResponse(decodeResult: success, version: HTTP/1.1)
HTTP/1.1 200 OK
Content-Type: application/json; charset=utf-8
cache-control: no-cache
content-length: 88

15:40:36.637 [AsyncHttpClient-1-2] DEBUG org.asynchttpclient.netty.channel.ChannelManager - Adding key: http://localhost:54181 for channel [id: 0x36268949, L:/127.0.0.1:55979 - R:localhost/127.0.0.1:54181]
15:40:36.638 [Forwarding clearElement on session 3b383b3e2a649c0d0eda4bb803ba5b50 to remote] DEBUG org.asynchttpclient.netty.request.NettyRequestSender - Using pooled Channel '[id: 0x36268949, L:/127.0.0.1:55979 - R:localhost/127.0.0.1:54181]' for 'POST' to 'http://localhost:54181/session/3b383b3e2a649c0d0eda4bb803ba5b50/element/dd9d0dd6-ee2e-4395-bca9-eee0a48a2bc4/clear'
15:40:36.639 [Forwarding clearElement on session 3b383b3e2a649c0d0eda4bb803ba5b50 to remote] DEBUG org.asynchttpclient.netty.request.NettyRequestSender - Using open Channel [id: 0x36268949, L:/127.0.0.1:55979 - R:localhost/127.0.0.1:54181] for POST '/session/3b383b3e2a649c0d0eda4bb803ba5b50/element/dd9d0dd6-ee2e-4395-bca9-eee0a48a2bc4/clear'
15:40:36.664 [AsyncHttpClient-1-2] DEBUG org.asynchttpclient.netty.handler.HttpHandler - 

Request DefaultHttpRequest(decodeResult: success, version: HTTP/1.1)
POST /session/3b383b3e2a649c0d0eda4bb803ba5b50/element/dd9d0dd6-ee2e-4395-bca9-eee0a48a2bc4/clear HTTP/1.1
User-Agent: selenium/4.1.2 (java windows)
Content-Length: 50
Content-Type: application/json; charset=utf-8
host: localhost:54181
accept: */*

Response DefaultHttpResponse(decodeResult: success, version: HTTP/1.1)
HTTP/1.1 200 OK
Content-Type: application/json; charset=utf-8
cache-control: no-cache
content-length: 14

15:40:36.664 [AsyncHttpClient-1-2] DEBUG org.asynchttpclient.netty.channel.ChannelManager - Adding key: http://localhost:54181 for channel [id: 0x36268949, L:/127.0.0.1:55979 - R:localhost/127.0.0.1:54181]
15:40:36.667 [Forwarding sendKeysToElement on session 3b383b3e2a649c0d0eda4bb803ba5b50 to remote] DEBUG org.asynchttpclient.netty.request.NettyRequestSender - Using pooled Channel '[id: 0x36268949, L:/127.0.0.1:55979 - R:localhost/127.0.0.1:54181]' for 'POST' to 'http://localhost:54181/session/3b383b3e2a649c0d0eda4bb803ba5b50/element/dd9d0dd6-ee2e-4395-bca9-eee0a48a2bc4/value'
15:40:36.667 [Forwarding sendKeysToElement on session 3b383b3e2a649c0d0eda4bb803ba5b50 to remote] DEBUG org.asynchttpclient.netty.request.NettyRequestSender - Using open Channel [id: 0x36268949, L:/127.0.0.1:55979 - R:localhost/127.0.0.1:54181] for POST '/session/3b383b3e2a649c0d0eda4bb803ba5b50/element/dd9d0dd6-ee2e-4395-bca9-eee0a48a2bc4/value'
15:40:36.754 [AsyncHttpClient-1-2] DEBUG org.asynchttpclient.netty.handler.HttpHandler - 

Request DefaultHttpRequest(decodeResult: success, version: HTTP/1.1)
POST /session/3b383b3e2a649c0d0eda4bb803ba5b50/element/dd9d0dd6-ee2e-4395-bca9-eee0a48a2bc4/value HTTP/1.1
User-Agent: selenium/4.1.2 (java windows)
Content-Length: 241
Content-Type: application/json; charset=utf-8
host: localhost:54181
accept: */*

Response DefaultHttpResponse(decodeResult: success, version: HTTP/1.1)
HTTP/1.1 200 OK
Content-Type: application/json; charset=utf-8
cache-control: no-cache
content-length: 14

15:40:36.755 [AsyncHttpClient-1-2] DEBUG org.asynchttpclient.netty.channel.ChannelManager - Adding key: http://localhost:54181 for channel [id: 0x36268949, L:/127.0.0.1:55979 - R:localhost/127.0.0.1:54181]
15:40:36.762 [Forwarding screenshot on session 3b383b3e2a649c0d0eda4bb803ba5b50 to remote] DEBUG org.asynchttpclient.netty.request.NettyRequestSender - Using pooled Channel '[id: 0x36268949, L:/127.0.0.1:55979 - R:localhost/127.0.0.1:54181]' for 'GET' to 'http://localhost:54181/session/3b383b3e2a649c0d0eda4bb803ba5b50/screenshot'
15:40:36.762 [Forwarding screenshot on session 3b383b3e2a649c0d0eda4bb803ba5b50 to remote] DEBUG org.asynchttpclient.netty.request.NettyRequestSender - Using open Channel [id: 0x36268949, L:/127.0.0.1:55979 - R:localhost/127.0.0.1:54181] for GET '/session/3b383b3e2a649c0d0eda4bb803ba5b50/screenshot'
15:40:36.974 [AsyncHttpClient-1-2] DEBUG org.asynchttpclient.netty.handler.HttpHandler - 

Request DefaultFullHttpRequest(decodeResult: success, version: HTTP/1.1, content: EmptyByteBufBE)
GET /session/3b383b3e2a649c0d0eda4bb803ba5b50/screenshot HTTP/1.1
User-Agent: selenium/4.1.2 (java windows)
Cache-Control: no-cache
Content-Type: application/json; charset=utf-8
host: localhost:54181
accept: */*

Response DefaultHttpResponse(decodeResult: success, version: HTTP/1.1)
HTTP/1.1 200 OK
Content-Type: application/json; charset=utf-8
cache-control: no-cache
content-length: 315584

15:40:36.976 [AsyncHttpClient-1-2] DEBUG org.asynchttpclient.netty.channel.ChannelManager - Adding key: http://localhost:54181 for channel [id: 0x36268949, L:/127.0.0.1:55979 - R:localhost/127.0.0.1:54181]
15:40:36.987 [main] DEBUG net.serenitybdd.core.photography.Darkroom - Send negative for processing for target\site\serenity\c31050df3998ddefcc76559772e6cdf5174675fefdd43fbe0f1348af2a350a55.png
15:40:36.987 [main] DEBUG net.thucydides.core.steps.StepInterceptor - STEP DONE: inputPassword
15:40:36.987 [Darkroom Processing Line] DEBUG net.serenitybdd.core.photography.DarkroomProcessingLine - Processing screenshot image in /var/screenshots/screenshot-4871802419382710305
  &amp#27;[32mAnd &amp#27;[0m&amp#27;[32mI input valid password&amp#27;[0m                              &amp#27;[90m# starter.stepdefinitions.LoginSteps.iInputValidPassword()&amp#27;[0m
15:40:36.987 [Darkroom Processing Line] DEBUG net.serenitybdd.core.photography.DarkroomProcessingLine - Saving screenshot to target\site\serenity\c31050df3998ddefcc76559772e6cdf5174675fefdd43fbe0f1348af2a350a55.png
15:40:37.022 [main] DEBUG net.thucydides.core.steps.StepInterceptor - STARTING STEP: LoginSteps.clickLoginButton - clickLoginButton
15:40:37.025 [Forwarding findElement on session 3b383b3e2a649c0d0eda4bb803ba5b50 to remote] DEBUG org.asynchttpclient.netty.request.NettyRequestSender - Using pooled Channel '[id: 0x36268949, L:/127.0.0.1:55979 - R:localhost/127.0.0.1:54181]' for 'POST' to 'http://localhost:54181/session/3b383b3e2a649c0d0eda4bb803ba5b50/element'
15:40:37.025 [Forwarding findElement on session 3b383b3e2a649c0d0eda4bb803ba5b50 to remote] DEBUG org.asynchttpclient.netty.request.NettyRequestSender - Using open Channel [id: 0x36268949, L:/127.0.0.1:55979 - R:localhost/127.0.0.1:54181] for POST '/session/3b383b3e2a649c0d0eda4bb803ba5b50/element'
15:40:37.030 [AsyncHttpClient-1-2] DEBUG org.asynchttpclient.netty.handler.HttpHandler - 

Request DefaultHttpRequest(decodeResult: success, version: HTTP/1.1)
POST /session/3b383b3e2a649c0d0eda4bb803ba5b50/element HTTP/1.1
User-Agent: selenium/4.1.2 (java windows)
Content-Length: 50
Content-Type: application/json; charset=utf-8
host: localhost:54181
accept: */*

Response DefaultHttpResponse(decodeResult: success, version: HTTP/1.1)
HTTP/1.1 200 OK
Content-Type: application/json; charset=utf-8
cache-control: no-cache
content-length: 88

15:40:37.030 [AsyncHttpClient-1-2] DEBUG org.asynchttpclient.netty.channel.ChannelManager - Adding key: http://localhost:54181 for channel [id: 0x36268949, L:/127.0.0.1:55979 - R:localhost/127.0.0.1:54181]
15:40:37.031 [Forwarding getElementTagName on session 3b383b3e2a649c0d0eda4bb803ba5b50 to remote] DEBUG org.asynchttpclient.netty.request.NettyRequestSender - Using pooled Channel '[id: 0x36268949, L:/127.0.0.1:55979 - R:localhost/127.0.0.1:54181]' for 'GET' to 'http://localhost:54181/session/3b383b3e2a649c0d0eda4bb803ba5b50/element/ef09209a-8f81-4256-b652-19120cd5a3de/name'
15:40:37.031 [Forwarding getElementTagName on session 3b383b3e2a649c0d0eda4bb803ba5b50 to remote] DEBUG org.asynchttpclient.netty.request.NettyRequestSender - Using open Channel [id: 0x36268949, L:/127.0.0.1:55979 - R:localhost/127.0.0.1:54181] for GET '/session/3b383b3e2a649c0d0eda4bb803ba5b50/element/ef09209a-8f81-4256-b652-19120cd5a3de/name'
15:40:37.034 [AsyncHttpClient-1-2] DEBUG org.asynchttpclient.netty.handler.HttpHandler - 

Request DefaultFullHttpRequest(decodeResult: success, version: HTTP/1.1, content: EmptyByteBufBE)
GET /session/3b383b3e2a649c0d0eda4bb803ba5b50/element/ef09209a-8f81-4256-b652-19120cd5a3de/name HTTP/1.1
User-Agent: selenium/4.1.2 (java windows)
Cache-Control: no-cache
Content-Type: application/json; charset=utf-8
host: localhost:54181
accept: */*

Response DefaultHttpResponse(decodeResult: success, version: HTTP/1.1)
HTTP/1.1 200 OK
Content-Type: application/json; charset=utf-8
cache-control: no-cache
content-length: 18

15:40:37.034 [AsyncHttpClient-1-2] DEBUG org.asynchttpclient.netty.channel.ChannelManager - Adding key: http://localhost:54181 for channel [id: 0x36268949, L:/127.0.0.1:55979 - R:localhost/127.0.0.1:54181]
15:40:37.035 [Forwarding getElementTagName on session 3b383b3e2a649c0d0eda4bb803ba5b50 to remote] DEBUG org.asynchttpclient.netty.request.NettyRequestSender - Using pooled Channel '[id: 0x36268949, L:/127.0.0.1:55979 - R:localhost/127.0.0.1:54181]' for 'GET' to 'http://localhost:54181/session/3b383b3e2a649c0d0eda4bb803ba5b50/element/ef09209a-8f81-4256-b652-19120cd5a3de/name'
15:40:37.035 [Forwarding getElementTagName on session 3b383b3e2a649c0d0eda4bb803ba5b50 to remote] DEBUG org.asynchttpclient.netty.request.NettyRequestSender - Using open Channel [id: 0x36268949, L:/127.0.0.1:55979 - R:localhost/127.0.0.1:54181] for GET '/session/3b383b3e2a649c0d0eda4bb803ba5b50/element/ef09209a-8f81-4256-b652-19120cd5a3de/name'
15:40:37.038 [AsyncHttpClient-1-2] DEBUG org.asynchttpclient.netty.handler.HttpHandler - 

Request DefaultFullHttpRequest(decodeResult: success, version: HTTP/1.1, content: EmptyByteBufBE)
GET /session/3b383b3e2a649c0d0eda4bb803ba5b50/element/ef09209a-8f81-4256-b652-19120cd5a3de/name HTTP/1.1
User-Agent: selenium/4.1.2 (java windows)
Cache-Control: no-cache
Content-Type: application/json; charset=utf-8
host: localhost:54181
accept: */*

Response DefaultHttpResponse(decodeResult: success, version: HTTP/1.1)
HTTP/1.1 200 OK
Content-Type: application/json; charset=utf-8
cache-control: no-cache
content-length: 18

15:40:37.038 [AsyncHttpClient-1-2] DEBUG org.asynchttpclient.netty.channel.ChannelManager - Adding key: http://localhost:54181 for channel [id: 0x36268949, L:/127.0.0.1:55979 - R:localhost/127.0.0.1:54181]
15:40:37.041 [Forwarding isElementEnabled on session 3b383b3e2a649c0d0eda4bb803ba5b50 to remote] DEBUG org.asynchttpclient.netty.request.NettyRequestSender - Using pooled Channel '[id: 0x36268949, L:/127.0.0.1:55979 - R:localhost/127.0.0.1:54181]' for 'GET' to 'http://localhost:54181/session/3b383b3e2a649c0d0eda4bb803ba5b50/element/ef09209a-8f81-4256-b652-19120cd5a3de/enabled'
15:40:37.041 [Forwarding isElementEnabled on session 3b383b3e2a649c0d0eda4bb803ba5b50 to remote] DEBUG org.asynchttpclient.netty.request.NettyRequestSender - Using open Channel [id: 0x36268949, L:/127.0.0.1:55979 - R:localhost/127.0.0.1:54181] for GET '/session/3b383b3e2a649c0d0eda4bb803ba5b50/element/ef09209a-8f81-4256-b652-19120cd5a3de/enabled'
15:40:37.048 [AsyncHttpClient-1-2] DEBUG org.asynchttpclient.netty.handler.HttpHandler - 

Request DefaultFullHttpRequest(decodeResult: success, version: HTTP/1.1, content: EmptyByteBufBE)
GET /session/3b383b3e2a649c0d0eda4bb803ba5b50/element/ef09209a-8f81-4256-b652-19120cd5a3de/enabled HTTP/1.1
User-Agent: selenium/4.1.2 (java windows)
Cache-Control: no-cache
Content-Type: application/json; charset=utf-8
host: localhost:54181
accept: */*

Response DefaultHttpResponse(decodeResult: success, version: HTTP/1.1)
HTTP/1.1 200 OK
Content-Type: application/json; charset=utf-8
cache-control: no-cache
content-length: 14

15:40:37.048 [AsyncHttpClient-1-2] DEBUG org.asynchttpclient.netty.channel.ChannelManager - Adding key: http://localhost:54181 for channel [id: 0x36268949, L:/127.0.0.1:55979 - R:localhost/127.0.0.1:54181]
15:40:37.050 [Forwarding isElementEnabled on session 3b383b3e2a649c0d0eda4bb803ba5b50 to remote] DEBUG org.asynchttpclient.netty.request.NettyRequestSender - Using pooled Channel '[id: 0x36268949, L:/127.0.0.1:55979 - R:localhost/127.0.0.1:54181]' for 'GET' to 'http://localhost:54181/session/3b383b3e2a649c0d0eda4bb803ba5b50/element/ef09209a-8f81-4256-b652-19120cd5a3de/enabled'
15:40:37.050 [Forwarding isElementEnabled on session 3b383b3e2a649c0d0eda4bb803ba5b50 to remote] DEBUG org.asynchttpclient.netty.request.NettyRequestSender - Using open Channel [id: 0x36268949, L:/127.0.0.1:55979 - R:localhost/127.0.0.1:54181] for GET '/session/3b383b3e2a649c0d0eda4bb803ba5b50/element/ef09209a-8f81-4256-b652-19120cd5a3de/enabled'
15:40:37.055 [AsyncHttpClient-1-2] DEBUG org.asynchttpclient.netty.handler.HttpHandler - 

Request DefaultFullHttpRequest(decodeResult: success, version: HTTP/1.1, content: EmptyByteBufBE)
GET /session/3b383b3e2a649c0d0eda4bb803ba5b50/element/ef09209a-8f81-4256-b652-19120cd5a3de/enabled HTTP/1.1
User-Agent: selenium/4.1.2 (java windows)
Cache-Control: no-cache
Content-Type: application/json; charset=utf-8
host: localhost:54181
accept: */*

Response DefaultHttpResponse(decodeResult: success, version: HTTP/1.1)
HTTP/1.1 200 OK
Content-Type: application/json; charset=utf-8
cache-control: no-cache
content-length: 14

15:40:37.056 [AsyncHttpClient-1-2] DEBUG org.asynchttpclient.netty.channel.ChannelManager - Adding key: http://localhost:54181 for channel [id: 0x36268949, L:/127.0.0.1:55979 - R:localhost/127.0.0.1:54181]
15:40:37.059 [Forwarding findElement on session 3b383b3e2a649c0d0eda4bb803ba5b50 to remote] DEBUG org.asynchttpclient.netty.request.NettyRequestSender - Using pooled Channel '[id: 0x36268949, L:/127.0.0.1:55979 - R:localhost/127.0.0.1:54181]' for 'POST' to 'http://localhost:54181/session/3b383b3e2a649c0d0eda4bb803ba5b50/element'
15:40:37.060 [Forwarding findElement on session 3b383b3e2a649c0d0eda4bb803ba5b50 to remote] DEBUG org.asynchttpclient.netty.request.NettyRequestSender - Using open Channel [id: 0x36268949, L:/127.0.0.1:55979 - R:localhost/127.0.0.1:54181] for POST '/session/3b383b3e2a649c0d0eda4bb803ba5b50/element'
15:40:37.071 [AsyncHttpClient-1-2] DEBUG org.asynchttpclient.netty.handler.HttpHandler - 

Request DefaultHttpRequest(decodeResult: success, version: HTTP/1.1)
POST /session/3b383b3e2a649c0d0eda4bb803ba5b50/element HTTP/1.1
User-Agent: selenium/4.1.2 (java windows)
Content-Length: 50
Content-Type: application/json; charset=utf-8
host: localhost:54181
accept: */*

Response DefaultHttpResponse(decodeResult: success, version: HTTP/1.1)
HTTP/1.1 200 OK
Content-Type: application/json; charset=utf-8
cache-control: no-cache
content-length: 88

15:40:37.072 [AsyncHttpClient-1-2] DEBUG org.asynchttpclient.netty.channel.ChannelManager - Adding key: http://localhost:54181 for channel [id: 0x36268949, L:/127.0.0.1:55979 - R:localhost/127.0.0.1:54181]
15:40:37.075 [Forwarding clickElement on session 3b383b3e2a649c0d0eda4bb803ba5b50 to remote] DEBUG org.asynchttpclient.netty.request.NettyRequestSender - Using pooled Channel '[id: 0x36268949, L:/127.0.0.1:55979 - R:localhost/127.0.0.1:54181]' for 'POST' to 'http://localhost:54181/session/3b383b3e2a649c0d0eda4bb803ba5b50/element/ef09209a-8f81-4256-b652-19120cd5a3de/click'
15:40:37.075 [Forwarding clickElement on session 3b383b3e2a649c0d0eda4bb803ba5b50 to remote] DEBUG org.asynchttpclient.netty.request.NettyRequestSender - Using open Channel [id: 0x36268949, L:/127.0.0.1:55979 - R:localhost/127.0.0.1:54181] for POST '/session/3b383b3e2a649c0d0eda4bb803ba5b50/element/ef09209a-8f81-4256-b652-19120cd5a3de/click'
15:40:37.149 [AsyncHttpClient-1-2] DEBUG org.asynchttpclient.netty.handler.HttpHandler - 

Request DefaultHttpRequest(decodeResult: success, version: HTTP/1.1)
POST /session/3b383b3e2a649c0d0eda4bb803ba5b50/element/ef09209a-8f81-4256-b652-19120cd5a3de/click HTTP/1.1
User-Agent: selenium/4.1.2 (java windows)
Content-Length: 50
Content-Type: application/json; charset=utf-8
host: localhost:54181
accept: */*

Response DefaultHttpResponse(decodeResult: success, version: HTTP/1.1)
HTTP/1.1 200 OK
Content-Type: application/json; charset=utf-8
cache-control: no-cache
content-length: 14

15:40:37.150 [AsyncHttpClient-1-2] DEBUG org.asynchttpclient.netty.channel.ChannelManager - Adding key: http://localhost:54181 for channel [id: 0x36268949, L:/127.0.0.1:55979 - R:localhost/127.0.0.1:54181]
15:40:37.165 [Forwarding screenshot on session 3b383b3e2a649c0d0eda4bb803ba5b50 to remote] DEBUG org.asynchttpclient.netty.request.NettyRequestSender - Using pooled Channel '[id: 0x36268949, L:/127.0.0.1:55979 - R:localhost/127.0.0.1:54181]' for 'GET' to 'http://localhost:54181/session/3b383b3e2a649c0d0eda4bb803ba5b50/screenshot'
15:40:37.165 [Forwarding screenshot on session 3b383b3e2a649c0d0eda4bb803ba5b50 to remote] DEBUG org.asynchttpclient.netty.request.NettyRequestSender - Using open Channel [id: 0x36268949, L:/127.0.0.1:55979 - R:localhost/127.0.0.1:54181] for GET '/session/3b383b3e2a649c0d0eda4bb803ba5b50/screenshot'
15:40:37.302 [AsyncHttpClient-1-1] DEBUG org.asynchttpclient.netty.channel.DefaultChannelPool - Entry count for : http://localhost:55981 : 1
15:40:37.364 [AsyncHttpClient-1-2] DEBUG org.asynchttpclient.netty.handler.HttpHandler - 

Request DefaultFullHttpRequest(decodeResult: success, version: HTTP/1.1, content: EmptyByteBufBE)
GET /session/3b383b3e2a649c0d0eda4bb803ba5b50/screenshot HTTP/1.1
User-Agent: selenium/4.1.2 (java windows)
Cache-Control: no-cache
Content-Type: application/json; charset=utf-8
host: localhost:54181
accept: */*

Response DefaultHttpResponse(decodeResult: success, version: HTTP/1.1)
HTTP/1.1 200 OK
Content-Type: application/json; charset=utf-8
cache-control: no-cache
content-length: 307240

15:40:37.365 [AsyncHttpClient-1-2] DEBUG org.asynchttpclient.netty.channel.ChannelManager - Adding key: http://localhost:54181 for channel [id: 0x36268949, L:/127.0.0.1:55979 - R:localhost/127.0.0.1:54181]
15:40:37.374 [main] DEBUG net.serenitybdd.core.photography.Darkroom - Send negative for processing for target\site\serenity\3262acec88447e6d02ab5ef8be1c0304cf8f37e99f10c403c3958c9027501226.png
15:40:37.375 [main] DEBUG net.thucydides.core.steps.StepInterceptor - STEP DONE: clickLoginButton
  &amp#27;[32mAnd &amp#27;[0m&amp#27;[32mclick login button&amp#27;[0m                                  &amp#27;[90m# starter.stepdefinitions.LoginSteps.clickLoginButton()&amp#27;[0m
15:40:37.375 [Darkroom Processing Line] DEBUG net.serenitybdd.core.photography.DarkroomProcessingLine - Processing screenshot image in /var/screenshots/screenshot-1173364686266142838
15:40:37.375 [Darkroom Processing Line] DEBUG net.serenitybdd.core.photography.DarkroomProcessingLine - Saving screenshot to target\site\serenity\3262acec88447e6d02ab5ef8be1c0304cf8f37e99f10c403c3958c9027501226.png
15:40:37.390 [main] DEBUG net.thucydides.core.steps.StepInterceptor - STARTING STEP: LoginSteps.iGoToProfilPage - headerAppears
15:40:37.392 [Forwarding findElement on session 3b383b3e2a649c0d0eda4bb803ba5b50 to remote] DEBUG org.asynchttpclient.netty.request.NettyRequestSender - Using pooled Channel '[id: 0x36268949, L:/127.0.0.1:55979 - R:localhost/127.0.0.1:54181]' for 'POST' to 'http://localhost:54181/session/3b383b3e2a649c0d0eda4bb803ba5b50/element'
15:40:37.393 [Forwarding findElement on session 3b383b3e2a649c0d0eda4bb803ba5b50 to remote] DEBUG org.asynchttpclient.netty.request.NettyRequestSender - Using open Channel [id: 0x36268949, L:/127.0.0.1:55979 - R:localhost/127.0.0.1:54181] for POST '/session/3b383b3e2a649c0d0eda4bb803ba5b50/element'
15:40:37.404 [AsyncHttpClient-1-2] DEBUG org.asynchttpclient.netty.handler.HttpHandler - 

Request DefaultHttpRequest(decodeResult: success, version: HTTP/1.1)
POST /session/3b383b3e2a649c0d0eda4bb803ba5b50/element HTTP/1.1
User-Agent: selenium/4.1.2 (java windows)
Content-Length: 102
Content-Type: application/json; charset=utf-8
host: localhost:54181
accept: */*

[...]
15:41:36.082 [Forwarding findElement on session b3b8bf8a5481a981b0bddf858b0141ee to remote] DEBUG org.asynchttpclient.netty.request.NettyRequestSender - Using open Channel [id: 0xd2977963, L:/127.0.0.1:64578 - R:localhost/127.0.0.1:53094] for POST '/session/b3b8bf8a5481a981b0bddf858b0141ee/element'
15:41:36.087 [AsyncHttpClient-1-14] DEBUG org.asynchttpclient.netty.handler.HttpHandler - 

Request DefaultHttpRequest(decodeResult: success, version: HTTP/1.1)
POST /session/b3b8bf8a5481a981b0bddf858b0141ee/element HTTP/1.1
User-Agent: selenium/4.1.2 (java windows)
Content-Length: 50
Content-Type: application/json; charset=utf-8
host: localhost:53094
accept: */*

Response DefaultHttpResponse(decodeResult: success, version: HTTP/1.1)
HTTP/1.1 200 OK
Content-Type: application/json; charset=utf-8
cache-control: no-cache
content-length: 88

15:41:36.087 [AsyncHttpClient-1-14] DEBUG org.asynchttpclient.netty.channel.ChannelManager - Adding key: http://localhost:53094 for channel [id: 0xd2977963, L:/127.0.0.1:64578 - R:localhost/127.0.0.1:53094]
15:41:36.088 [Forwarding clickElement on session b3b8bf8a5481a981b0bddf858b0141ee to remote] DEBUG org.asynchttpclient.netty.request.NettyRequestSender - Using pooled Channel '[id: 0xd2977963, L:/127.0.0.1:64578 - R:localhost/127.0.0.1:53094]' for 'POST' to 'http://localhost:53094/session/b3b8bf8a5481a981b0bddf858b0141ee/element/a0b823c4-14fd-41bf-aab7-01ee558a8f51/click'
15:41:36.088 [Forwarding clickElement on session b3b8bf8a5481a981b0bddf858b0141ee to remote] DEBUG org.asynchttpclient.netty.request.NettyRequestSender - Using open Channel [id: 0xd2977963, L:/127.0.0.1:64578 - R:localhost/127.0.0.1:53094] for POST '/session/b3b8bf8a5481a981b0bddf858b0141ee/element/a0b823c4-14fd-41bf-aab7-01ee558a8f51/click'
15:41:36.120 [AsyncHttpClient-1-14] DEBUG org.asynchttpclient.netty.handler.HttpHandler - 

Request DefaultHttpRequest(decodeResult: success, version: HTTP/1.1)
POST /session/b3b8bf8a5481a981b0bddf858b0141ee/element/a0b823c4-14fd-41bf-aab7-01ee558a8f51/click HTTP/1.1
User-Agent: selenium/4.1.2 (java windows)
Content-Length: 50
Content-Type: application/json; charset=utf-8
host: localhost:53094
accept: */*

Response DefaultHttpResponse(decodeResult: success, version: HTTP/1.1)
HTTP/1.1 200 OK
Content-Type: application/json; charset=utf-8
cache-control: no-cache
content-length: 14

15:41:36.120 [AsyncHttpClient-1-14] DEBUG org.asynchttpclient.netty.channel.ChannelManager - Adding key: http://localhost:53094 for channel [id: 0xd2977963, L:/127.0.0.1:64578 - R:localhost/127.0.0.1:53094]
15:41:36.124 [Forwarding screenshot on session b3b8bf8a5481a981b0bddf858b0141ee to remote] DEBUG org.asynchttpclient.netty.request.NettyRequestSender - Using pooled Channel '[id: 0xd2977963, L:/127.0.0.1:64578 - R:localhost/127.0.0.1:53094]' for 'GET' to 'http://localhost:53094/session/b3b8bf8a5481a981b0bddf858b0141ee/screenshot'
15:41:36.124 [Forwarding screenshot on session b3b8bf8a5481a981b0bddf858b0141ee to remote] DEBUG org.asynchttpclient.netty.request.NettyRequestSender - Using open Channel [id: 0xd2977963, L:/127.0.0.1:64578 - R:localhost/127.0.0.1:53094] for GET '/session/b3b8bf8a5481a981b0bddf858b0141ee/screenshot'
15:41:36.304 [AsyncHttpClient-1-14] DEBUG org.asynchttpclient.netty.handler.HttpHandler - 

Request DefaultFullHttpRequest(decodeResult: success, version: HTTP/1.1, content: EmptyByteBufBE)
GET /session/b3b8bf8a5481a981b0bddf858b0141ee/screenshot HTTP/1.1
User-Agent: selenium/4.1.2 (java windows)
Cache-Control: no-cache
Content-Type: application/json; charset=utf-8
host: localhost:53094
accept: */*

Response DefaultHttpResponse(decodeResult: success, version: HTTP/1.1)
HTTP/1.1 200 OK
Content-Type: application/json; charset=utf-8
cache-control: no-cache
content-length: 320708

15:41:36.305 [AsyncHttpClient-1-14] DEBUG org.asynchttpclient.netty.channel.ChannelManager - Adding key: http://localhost:53094 for channel [id: 0xd2977963, L:/127.0.0.1:64578 - R:localhost/127.0.0.1:53094]
15:41:36.313 [main] DEBUG net.serenitybdd.core.photography.Darkroom - Send negative for processing for target\site\serenity\cc841c4575dab994de90096825ab1745d6e6108033ac71a554f84d3df974a9a9.png
15:41:36.314 [main] DEBUG net.thucydides.core.steps.StepInterceptor - STEP DONE: clickLoginButton
15:41:36.314 [Darkroom Processing Line] DEBUG net.serenitybdd.core.photography.DarkroomProcessingLine - Processing screenshot image in /var/screenshots/screenshot-5894567097373144041
15:41:36.314 [Darkroom Processing Line] DEBUG net.serenitybdd.core.photography.DarkroomProcessingLine - Saving screenshot to target\site\serenity\cc841c4575dab994de90096825ab1745d6e6108033ac71a554f84d3df974a9a9.png
  &amp#27;[32mAnd &amp#27;[0m&amp#27;[32mclick login button&amp#27;[0m                                &amp#27;[90m# starter.stepdefinitions.LoginSteps.clickLoginButton()&amp#27;[0m
15:41:36.322 [main] DEBUG net.thucydides.core.steps.StepInterceptor - STARTING STEP: LoginSteps.stillOnTheLoginPage - headerAppears
15:41:36.323 [Forwarding findElement on session b3b8bf8a5481a981b0bddf858b0141ee to remote] DEBUG org.asynchttpclient.netty.request.NettyRequestSender - Using pooled Channel '[id: 0xd2977963, L:/127.0.0.1:64578 - R:localhost/127.0.0.1:53094]' for 'POST' to 'http://localhost:53094/session/b3b8bf8a5481a981b0bddf858b0141ee/element'
15:41:36.323 [Forwarding findElement on session b3b8bf8a5481a981b0bddf858b0141ee to remote] DEBUG org.asynchttpclient.netty.request.NettyRequestSender - Using open Channel [id: 0xd2977963, L:/127.0.0.1:64578 - R:localhost/127.0.0.1:53094] for POST '/session/b3b8bf8a5481a981b0bddf858b0141ee/element'
15:41:36.332 [AsyncHttpClient-1-14] DEBUG org.asynchttpclient.netty.handler.HttpHandler - 

Request DefaultHttpRequest(decodeResult: success, version: HTTP/1.1)
POST /session/b3b8bf8a5481a981b0bddf858b0141ee/element HTTP/1.1
User-Agent: selenium/4.1.2 (java windows)
Content-Length: 102
Content-Type: application/json; charset=utf-8
host: localhost:53094
accept: */*

Response DefaultHttpResponse(decodeResult: success, version: HTTP/1.1)
HTTP/1.1 200 OK
Content-Type: application/json; charset=utf-8
cache-control: no-cache
content-length: 88

15:41:36.332 [AsyncHttpClient-1-14] DEBUG org.asynchttpclient.netty.channel.ChannelManager - Adding key: http://localhost:53094 for channel [id: 0xd2977963, L:/127.0.0.1:64578 - R:localhost/127.0.0.1:53094]
15:41:36.335 [Forwarding isElementDisplayed on session b3b8bf8a5481a981b0bddf858b0141ee to remote] DEBUG org.asynchttpclient.netty.request.NettyRequestSender - Using pooled Channel '[id: 0xd2977963, L:/127.0.0.1:64578 - R:localhost/127.0.0.1:53094]' for 'POST' to 'http://localhost:53094/session/b3b8bf8a5481a981b0bddf858b0141ee/execute/sync'
15:41:36.335 [Forwarding isElementDisplayed on session b3b8bf8a5481a981b0bddf858b0141ee to remote] DEBUG org.asynchttpclient.netty.request.NettyRequestSender - Using open Channel [id: 0xd2977963, L:/127.0.0.1:64578 - R:localhost/127.0.0.1:53094] for POST '/session/b3b8bf8a5481a981b0bddf858b0141ee/execute/sync'
15:41:36.345 [AsyncHttpClient-1-14] DEBUG org.asynchttpclient.netty.handler.HttpHandler - 

Request DefaultHttpRequest(decodeResult: success, version: HTTP/1.1)
POST /session/b3b8bf8a5481a981b0bddf858b0141ee/execute/sync HTTP/1.1
User-Agent: selenium/4.1.2 (java windows)
Content-Length: 48780
Content-Type: application/json; charset=utf-8
host: localhost:53094
accept: */*

Response DefaultHttpResponse(decodeResult: success, version: HTTP/1.1)
HTTP/1.1 200 OK
Content-Type: application/json; charset=utf-8
cache-control: no-cache
content-length: 14

15:41:36.345 [AsyncHttpClient-1-14] DEBUG org.asynchttpclient.netty.channel.ChannelManager - Adding key: http://localhost:53094 for channel [id: 0xd2977963, L:/127.0.0.1:64578 - R:localhost/127.0.0.1:53094]
15:41:36.348 [main] DEBUG net.thucydides.core.steps.StepInterceptor - STEP DONE: headerAppears
15:41:36.352 [main] DEBUG net.thucydides.core.steps.StepInterceptor - STARTING STEP: LoginSteps.stillOnTheLoginPage - headerTextEqual
15:41:36.354 [Forwarding findElement on session b3b8bf8a5481a981b0bddf858b0141ee to remote] DEBUG org.asynchttpclient.netty.request.NettyRequestSender - Using pooled Channel '[id: 0xd2977963, L:/127.0.0.1:64578 - R:localhost/127.0.0.1:53094]' for 'POST' to 'http://localhost:53094/session/b3b8bf8a5481a981b0bddf858b0141ee/element'
15:41:36.354 [Forwarding findElement on session b3b8bf8a5481a981b0bddf858b0141ee to remote] DEBUG org.asynchttpclient.netty.request.NettyRequestSender - Using open Channel [id: 0xd2977963, L:/127.0.0.1:64578 - R:localhost/127.0.0.1:53094] for POST '/session/b3b8bf8a5481a981b0bddf858b0141ee/element'
15:41:36.362 [AsyncHttpClient-1-14] DEBUG org.asynchttpclient.netty.handler.HttpHandler - 

Request DefaultHttpRequest(decodeResult: success, version: HTTP/1.1)
POST /session/b3b8bf8a5481a981b0bddf858b0141ee/element HTTP/1.1
User-Agent: selenium/4.1.2 (java windows)
Content-Length: 102
Content-Type: application/json; charset=utf-8
host: localhost:53094
accept: */*

Response DefaultHttpResponse(decodeResult: success, version: HTTP/1.1)
HTTP/1.1 200 OK
Content-Type: application/json; charset=utf-8
cache-control: no-cache
content-length: 88

15:41:36.362 [AsyncHttpClient-1-14] DEBUG org.asynchttpclient.netty.channel.ChannelManager - Adding key: http://localhost:53094 for channel [id: 0xd2977963, L:/127.0.0.1:64578 - R:localhost/127.0.0.1:53094]
15:41:36.364 [Forwarding getElementText on session b3b8bf8a5481a981b0bddf858b0141ee to remote] DEBUG org.asynchttpclient.netty.request.NettyRequestSender - Using pooled Channel '[id: 0xd2977963, L:/127.0.0.1:64578 - R:localhost/127.0.0.1:53094]' for 'GET' to 'http://localhost:53094/session/b3b8bf8a5481a981b0bddf858b0141ee/element/3004e789-9540-4353-ba77-8f251633b66c/text'
15:41:36.364 [Forwarding getElementText on session b3b8bf8a5481a981b0bddf858b0141ee to remote] DEBUG org.asynchttpclient.netty.request.NettyRequestSender - Using open Channel [id: 0xd2977963, L:/127.0.0.1:64578 - R:localhost/127.0.0.1:53094] for GET '/session/b3b8bf8a5481a981b0bddf858b0141ee/element/3004e789-9540-4353-ba77-8f251633b66c/text'
15:41:36.381 [AsyncHttpClient-1-14] DEBUG org.asynchttpclient.netty.handler.HttpHandler - 

Request DefaultFullHttpRequest(decodeResult: success, version: HTTP/1.1, content: EmptyByteBufBE)
GET /session/b3b8bf8a5481a981b0bddf858b0141ee/element/3004e789-9540-4353-ba77-8f251633b66c/text HTTP/1.1
User-Agent: selenium/4.1.2 (java windows)
Cache-Control: no-cache
Content-Type: application/json; charset=utf-8
host: localhost:53094
accept: */*

Response DefaultHttpResponse(decodeResult: success, version: HTTP/1.1)
HTTP/1.1 200 OK
Content-Type: application/json; charset=utf-8
cache-control: no-cache
content-length: 17

15:41:36.381 [AsyncHttpClient-1-14] DEBUG org.asynchttpclient.netty.channel.ChannelManager - Adding key: http://localhost:53094 for channel [id: 0xd2977963, L:/127.0.0.1:64578 - R:localhost/127.0.0.1:53094]
15:41:36.384 [Forwarding screenshot on session b3b8bf8a5481a981b0bddf858b0141ee to remote] DEBUG org.asynchttpclient.netty.request.NettyRequestSender - Using pooled Channel '[id: 0xd2977963, L:/127.0.0.1:64578 - R:localhost/127.0.0.1:53094]' for 'GET' to 'http://localhost:53094/session/b3b8bf8a5481a981b0bddf858b0141ee/screenshot'
15:41:36.384 [Forwarding screenshot on session b3b8bf8a5481a981b0bddf858b0141ee to remote] DEBUG org.asynchttpclient.netty.request.NettyRequestSender - Using open Channel [id: 0xd2977963, L:/127.0.0.1:64578 - R:localhost/127.0.0.1:53094] for GET '/session/b3b8bf8a5481a981b0bddf858b0141ee/screenshot'
15:41:36.519 [AsyncHttpClient-1-14] DEBUG org.asynchttpclient.netty.handler.HttpHandler - 

Request DefaultFullHttpRequest(decodeResult: success, version: HTTP/1.1, content: EmptyByteBufBE)
GET /session/b3b8bf8a5481a981b0bddf858b0141ee/screenshot HTTP/1.1
User-Agent: selenium/4.1.2 (java windows)
Cache-Control: no-cache
Content-Type: application/json; charset=utf-8
host: localhost:53094
accept: */*

Response DefaultHttpResponse(decodeResult: success, version: HTTP/1.1)
HTTP/1.1 200 OK
Content-Type: application/json; charset=utf-8
cache-control: no-cache
content-length: 332144

15:41:36.520 [AsyncHttpClient-1-14] DEBUG org.asynchttpclient.netty.channel.ChannelManager - Adding key: http://localhost:53094 for channel [id: 0xd2977963, L:/127.0.0.1:64578 - R:localhost/127.0.0.1:53094]
15:41:36.529 [main] DEBUG net.serenitybdd.core.photography.Darkroom - Send negative for processing for target\site\serenity\ddbb662bdc688633458de9d3b076c5870abb587783e3a0854e564465afabc216.png
15:41:36.529 [main] DEBUG net.thucydides.core.steps.StepInterceptor - STEP DONE: headerTextEqual
  &amp#27;[32mThen &amp#27;[0m&amp#27;[32mI'm still on the login page&amp#27;[0m                      &amp#27;[90m# starter.stepdefinitions.LoginSteps.stillOnTheLoginPage()&amp#27;[0m
15:41:36.529 [Darkroom Processing Line] DEBUG net.serenitybdd.core.photography.DarkroomProcessingLine - Processing screenshot image in /var/screenshots/screenshot-7864362198655997780
15:41:36.529 [Darkroom Processing Line] DEBUG net.serenitybdd.core.photography.DarkroomProcessingLine - Saving screenshot to target\site\serenity\ddbb662bdc688633458de9d3b076c5870abb587783e3a0854e564465afabc216.png
15:41:36.533 [main] INFO  - 
  _____   ___   ___   _____     ___     _     ___   ___   ___   ___  
 |_   _| | __| / __| |_   _|   | _ \   /_\   / __| / __| | __| |   \ 
   | |   | _|  \__ \   | |     |  _/  / _ \  \__ \ \__ \ | _|  | |) |
   |_|   |___| |___/   |_|     |_|   /_/ \_\ |___/ |___/ |___| |___/ 

Failed login with empty username and password
----------------------------------------------------------------------
15:41:36.534 [AsyncHttpClient-1-16] DEBUG org.asynchttpclient.netty.handler.WebSocketHandler - Channel Closed: [id: 0x42414688, L:/127.0.0.1:64586 ! R:localhost/127.0.0.1:64579] with attribute NettyResponseFuture{currentRetry=5,
	isDone=1,
	isCancelled=0,
	asyncHandler=org.asynchttpclient.ws.WebSocketUpgradeHandler@18d23c92,
	nettyRequest=org.asynchttpclient.netty.request.NettyRequest@7289afbd,
	future=java.util.concurrent.CompletableFuture@60b1c62a[Completed normally],
	uri=ws://localhost:64579/devtools/browser/451eea54-e100-40ae-8b03-96cb005ae97c,
	keepAlive=true,
	redirectCount=0,
	timeoutsHolder=null,
	inAuth=0,
	touch=1648629677040}
15:41:36.534 [AsyncHttpClient-1-16] DEBUG org.asynchttpclient.netty.channel.ChannelManager - Closing Channel [id: 0x42414688, L:/127.0.0.1:64586 ! R:localhost/127.0.0.1:64579] 
15:41:36.534 [Driver Command Executor] DEBUG org.asynchttpclient.netty.request.NettyRequestSender - Using pooled Channel '[id: 0xd2977963, L:/127.0.0.1:64578 - R:localhost/127.0.0.1:53094]' for 'DELETE' to 'http://localhost:53094/session/b3b8bf8a5481a981b0bddf858b0141ee'
15:41:36.534 [Driver Command Executor] DEBUG org.asynchttpclient.netty.request.NettyRequestSender - Using open Channel [id: 0xd2977963, L:/127.0.0.1:64578 - R:localhost/127.0.0.1:53094] for DELETE '/session/b3b8bf8a5481a981b0bddf858b0141ee'
15:41:36.563 [AsyncHttpClient-1-15] DEBUG org.asynchttpclient.netty.handler.HttpHandler - Unexpected I/O exception on channel [id: 0x3eccce8e, L:/127.0.0.1:64585 - R:localhost/127.0.0.1:64579]
java.io.IOException: An existing connection was forcibly closed by the remote host
	at sun.nio.ch.SocketDispatcher.read0(Native Method)
	at sun.nio.ch.SocketDispatcher.read(SocketDispatcher.java:43)
	at sun.nio.ch.IOUtil.readIntoNativeBuffer(IOUtil.java:223)
	at sun.nio.ch.IOUtil.read(IOUtil.java:192)
	at sun.nio.ch.SocketChannelImpl.read(SocketChannelImpl.java:380)
	at io.netty.buffer.PooledByteBuf.setBytes(PooledByteBuf.java:258)
	at io.netty.buffer.AbstractByteBuf.writeBytes(AbstractByteBuf.java:1132)
	at io.netty.channel.socket.nio.NioSocketChannel.doReadBytes(NioSocketChannel.java:350)
	at io.netty.channel.nio.AbstractNioByteChannel$NioByteUnsafe.read(AbstractNioByteChannel.java:151)
	at io.netty.channel.nio.NioEventLoop.processSelectedKey(NioEventLoop.java:722)
	at io.netty.channel.nio.NioEventLoop.processSelectedKeysOptimized(NioEventLoop.java:658)
	at io.netty.channel.nio.NioEventLoop.processSelectedKeys(NioEventLoop.java:584)
	at io.netty.channel.nio.NioEventLoop.run(NioEventLoop.java:496)
	at io.netty.util.concurrent.SingleThreadEventExecutor$4.run(SingleThreadEventExecutor.java:986)
	at io.netty.util.internal.ThreadExecutorMap$2.run(ThreadExecutorMap.java:74)
	at io.netty.util.concurrent.FastThreadLocalRunnable.run(FastThreadLocalRunnable.java:30)
	at java.lang.Thread.run(Thread.java:748)
15:41:36.563 [AsyncHttpClient-1-15] DEBUG org.asynchttpclient.netty.channel.ChannelManager - Closing Channel [id: 0x3eccce8e, L:/127.0.0.1:64585 - R:localhost/127.0.0.1:64579] 
15:41:36.564 [AsyncHttpClient-1-15] DEBUG org.asynchttpclient.netty.handler.HttpHandler - Channel Closed: [id: 0x3eccce8e, L:/127.0.0.1:64585 ! R:localhost/127.0.0.1:64579] with attribute DISCARD
15:41:36.576 [AsyncHttpClient-1-14] DEBUG org.asynchttpclient.netty.handler.HttpHandler - 

Request DefaultFullHttpRequest(decodeResult: success, version: HTTP/1.1, content: EmptyByteBufBE)
DELETE /session/b3b8bf8a5481a981b0bddf858b0141ee HTTP/1.1
User-Agent: selenium/4.1.2 (java windows)
Content-Type: application/json; charset=utf-8
host: localhost:53094
accept: */*

Response DefaultHttpResponse(decodeResult: success, version: HTTP/1.1)
HTTP/1.1 200 OK
Content-Type: application/json; charset=utf-8
cache-control: no-cache
content-length: 14

15:41:36.577 [AsyncHttpClient-1-14] DEBUG org.asynchttpclient.netty.channel.ChannelManager - Adding key: http://localhost:53094 for channel [id: 0xd2977963, L:/127.0.0.1:64578 - R:localhost/127.0.0.1:53094]
15:41:36.622 [AsyncHttpClient-1-14] DEBUG org.asynchttpclient.netty.handler.HttpHandler - Channel Closed: [id: 0xd2977963, L:/127.0.0.1:64578 ! R:localhost/127.0.0.1:53094] with attribute DISCARD
15:41:36.716 [AsyncHttpClient-1-1] DEBUG org.asynchttpclient.netty.channel.DefaultChannelPool - Entry count for : http://localhost:64579 : 1
15:41:36.716 [AsyncHttpClient-1-1] DEBUG org.asynchttpclient.netty.channel.DefaultChannelPool - Entry count for : http://localhost:53094 : 1
15:41:36.716 [AsyncHttpClient-1-1] DEBUG org.asynchttpclient.netty.channel.DefaultChannelPool - Adding Candidate expired Channel [id: 0x3eccce8e, L:/127.0.0.1:64585 ! R:localhost/127.0.0.1:64579] isIdleTimeoutExpired=false isRemotelyClosed=true isTtlExpired=false
15:41:36.716 [AsyncHttpClient-1-1] DEBUG org.asynchttpclient.netty.channel.DefaultChannelPool - Closing Idle Channel [id: 0x3eccce8e, L:/127.0.0.1:64585 ! R:localhost/127.0.0.1:64579]
15:41:36.716 [AsyncHttpClient-1-1] DEBUG org.asynchttpclient.netty.channel.DefaultChannelPool - Adding Candidate expired Channel [id: 0xd2977963, L:/127.0.0.1:64578 ! R:localhost/127.0.0.1:53094] isIdleTimeoutExpired=false isRemotelyClosed=true isTtlExpired=false
15:41:36.716 [AsyncHttpClient-1-1] DEBUG org.asynchttpclient.netty.channel.DefaultChannelPool - Closing Idle Channel [id: 0xd2977963, L:/127.0.0.1:64578 ! R:localhost/127.0.0.1:53094]
15:41:36.716 [AsyncHttpClient-1-1] DEBUG org.asynchttpclient.netty.channel.DefaultChannelPool - Closed 2 connections out of 2 in 0 ms
]]></system-out>
    <system-err><![CDATA[Starting ChromeDriver 99.0.4844.51 (d537ec02474b5afe23684e7963d538896c63ac77-refs/branch-heads/4844@{#875}) on port 53094
Only local connections are allowed.
Please see https://chromedriver.chromium.org/security-considerations for suggestions on keeping ChromeDriver safe.
ChromeDriver was started successfully.
Mar 30, 2022 3:41:17 PM org.openqa.selenium.remote.ProtocolHandshake createSession
INFO: Detected dialect: W3C
Mar 30, 2022 3:41:17 PM org.openqa.selenium.devtools.CdpVersionFinder findNearestMatch
WARNING: Unable to find an exact match for CDP version 99, so returning the closest version found: 97
Mar 30, 2022 3:41:17 PM org.openqa.selenium.devtools.CdpVersionFinder findNearestMatch
INFO: Found CDP implementation for version 99 of 97
]]></system-err>
  </testcase>
</testsuite>